<?xml version="1.0" encoding="utf-8"?>
<CoverageSession xmlns:xsd="http://www.w3.org/2001/XMLSchema" xmlns:xsi="http://www.w3.org/2001/XMLSchema-instance" Version="4.7.1221.0">
  <Summary numSequencePoints="1648" visitedSequencePoints="1073" numBranchPoints="730" visitedBranchPoints="436" sequenceCoverage="65.11" branchCoverage="59.73" maxCyclomaticComplexity="12" minCyclomaticComplexity="1" maxCrapScore="42" minCrapScore="1" visitedClasses="62" numClasses="92" visitedMethods="277" numMethods="476" />
  <Modules>
    <Module skippedDueTo="Filter" hash="9E-42-D8-AB-FA-EE-ED-47-0D-B4-52-7B-E7-14-1A-65-F0-B8-CB-EC">
      <ModulePath>C:\WINDOWS\Microsoft.Net\assembly\GAC_64\mscorlib\v4.0_4.0.0.0__b77a5c561934e089\mscorlib.dll</ModulePath>
      <ModuleTime>2023-07-20T01:57:29.2000594Z</ModuleTime>
      <ModuleName>mscorlib</ModuleName>
      <Classes />
    </Module>
    <Module skippedDueTo="Filter" hash="42-50-9D-AA-D6-D5-BA-D4-F3-8B-BD-E9-34-4A-EB-98-F0-05-00-BC">
      <ModulePath>C:\Program Files\Microsoft Visual Studio\2022\Community\Common7\IDE\CommonExtensions\Microsoft\TestWindow\VSTest.Console.exe</ModulePath>
      <ModuleTime>2023-11-15T07:59:48.4005491Z</ModuleTime>
      <ModuleName>vstest.console</ModuleName>
      <Classes />
    </Module>
    <Module skippedDueTo="Filter" hash="B3-49-7B-52-BD-3D-7F-21-DA-C6-C2-CF-5A-FE-A9-52-43-20-D1-06">
      <ModulePath>C:\Program Files\Microsoft Visual Studio\2022\Community\Common7\IDE\Extensions\TestPlatform\vstest.console.exe</ModulePath>
      <ModuleTime>2023-11-15T07:59:49.6398427Z</ModuleTime>
      <ModuleName>vstest.console</ModuleName>
      <Classes />
    </Module>
    <Module skippedDueTo="Filter" hash="D5-92-4B-27-22-DA-EE-10-AB-FF-85-0F-F8-CA-87-B6-BF-8C-DA-42">
      <ModulePath>C:\Program Files\Microsoft Visual Studio\2022\Community\Common7\IDE\Extensions\TestPlatform\Microsoft.TestPlatform.CoreUtilities.dll</ModulePath>
      <ModuleTime>2023-11-15T07:59:49.3733949Z</ModuleTime>
      <ModuleName>Microsoft.TestPlatform.CoreUtilities</ModuleName>
      <Classes />
    </Module>
    <Module skippedDueTo="Filter" hash="19-30-0D-03-8A-56-6C-95-B8-A4-1D-9B-8C-60-17-FA-65-43-92-89">
      <ModulePath>C:\Program Files\Microsoft Visual Studio\2022\Community\Common7\IDE\Extensions\TestPlatform\Microsoft.TestPlatform.PlatformAbstractions.dll</ModulePath>
      <ModuleTime>2023-11-15T07:59:49.3890261Z</ModuleTime>
      <ModuleName>Microsoft.TestPlatform.PlatformAbstractions</ModuleName>
      <Classes />
    </Module>
    <Module skippedDueTo="Filter" hash="D6-D6-35-1A-46-07-53-9F-D0-74-66-7E-F7-19-77-52-F2-0A-03-00">
      <ModulePath>C:\WINDOWS\Microsoft.Net\assembly\GAC_MSIL\System\v4.0_4.0.0.0__b77a5c561934e089\System.dll</ModulePath>
      <ModuleTime>2023-12-16T02:37:08.8212999Z</ModuleTime>
      <ModuleName>System</ModuleName>
      <Classes />
    </Module>
    <Module skippedDueTo="Filter" hash="CC-98-B1-CE-E1-87-79-23-0C-53-79-3E-BE-B3-C3-26-0B-FB-0A-28">
      <ModulePath>C:\Program Files\Microsoft Visual Studio\2022\Community\Common7\IDE\Extensions\TestPlatform\Microsoft.VisualStudio.TestPlatform.ObjectModel.dll</ModulePath>
      <ModuleTime>2023-11-15T07:59:49.4832027Z</ModuleTime>
      <ModuleName>Microsoft.VisualStudio.TestPlatform.ObjectModel</ModuleName>
      <Classes />
    </Module>
    <Module skippedDueTo="Filter" hash="73-51-02-94-2B-5A-09-0A-07-E6-05-9A-BE-B6-1C-29-D0-FC-5A-5A">
      <ModulePath>C:\Program Files\Microsoft Visual Studio\2022\Community\Common7\IDE\Extensions\TestPlatform\Microsoft.VisualStudio.TestPlatform.Client.dll</ModulePath>
      <ModuleTime>2023-11-15T07:59:49.4675743Z</ModuleTime>
      <ModuleName>Microsoft.VisualStudio.TestPlatform.Client</ModuleName>
      <Classes />
    </Module>
    <Module skippedDueTo="Filter" hash="1C-5A-FA-5D-BA-88-C3-54-B3-EE-15-4C-DF-AA-0E-CD-C2-F9-01-CD">
      <ModulePath>C:\Program Files\Microsoft Visual Studio\2022\Community\Common7\IDE\Extensions\TestPlatform\Microsoft.VisualStudio.TestPlatform.Common.dll</ModulePath>
      <ModuleTime>2023-11-15T07:59:49.4675743Z</ModuleTime>
      <ModuleName>Microsoft.VisualStudio.TestPlatform.Common</ModuleName>
      <Classes />
    </Module>
    <Module skippedDueTo="Filter" hash="90-74-5D-FE-59-09-2E-1A-45-74-77-03-12-AD-A6-CC-66-5E-A5-76">
      <ModulePath>C:\WINDOWS\Microsoft.Net\assembly\GAC_MSIL\System.Core\v4.0_4.0.0.0__b77a5c561934e089\System.Core.dll</ModulePath>
      <ModuleTime>2023-12-16T02:37:08.8212999Z</ModuleTime>
      <ModuleName>System.Core</ModuleName>
      <Classes />
    </Module>
    <Module skippedDueTo="Filter" hash="91-C3-7E-95-18-5C-6D-17-0B-9E-86-7E-8D-7D-65-99-14-60-81-80">
      <ModulePath>C:\Program Files\Microsoft Visual Studio\2022\Community\Common7\IDE\Extensions\TestPlatform\ja\vstest.console.resources.dll</ModulePath>
      <ModuleTime>2023-11-15T07:59:49.3417591Z</ModuleTime>
      <ModuleName>vstest.console.resources</ModuleName>
      <Classes />
    </Module>
    <Module skippedDueTo="Filter" hash="40-86-A7-35-49-A2-89-9C-74-37-DA-95-1B-1C-A2-B4-EC-72-DB-9B">
      <ModulePath>C:\WINDOWS\Microsoft.Net\assembly\GAC_MSIL\System.Xml\v4.0_4.0.0.0__b77a5c561934e089\System.Xml.dll</ModulePath>
      <ModuleTime>2022-05-07T05:20:29.6760462Z</ModuleTime>
      <ModuleName>System.Xml</ModuleName>
      <Classes />
    </Module>
    <Module skippedDueTo="Filter" hash="C8-0C-ED-93-19-D6-71-50-3D-51-60-83-43-12-73-72-DA-35-C9-59">
      <ModulePath>C:\Program Files\Microsoft Visual Studio\2022\Community\Common7\IDE\Extensions\TestPlatform\Microsoft.TestPlatform.Utilities.dll</ModulePath>
      <ModuleTime>2023-11-15T07:59:49.3890261Z</ModuleTime>
      <ModuleName>Microsoft.TestPlatform.Utilities</ModuleName>
      <Classes />
    </Module>
    <Module skippedDueTo="Filter" hash="85-50-3A-FC-10-C7-96-AF-93-BE-CB-24-A4-E4-45-B9-66-15-10-CC">
      <ModulePath>C:\Program Files\Microsoft Visual Studio\2022\Community\Common7\IDE\Extensions\TestPlatform\NuGet.Frameworks.dll</ModulePath>
      <ModuleTime>2023-11-15T07:59:49.5144541Z</ModuleTime>
      <ModuleName>NuGet.Frameworks</ModuleName>
      <Classes />
    </Module>
    <Module skippedDueTo="Filter" hash="AE-6E-50-A2-81-CB-11-1B-08-11-71-D5-AE-C2-2D-79-7E-1B-4D-CC">
      <ModulePath>C:\WINDOWS\Microsoft.Net\assembly\GAC_MSIL\netstandard\v4.0_2.0.0.0__cc7b13ffcd2ddd51\netstandard.dll</ModulePath>
      <ModuleTime>2022-05-07T05:20:28.7384893Z</ModuleTime>
      <ModuleName>netstandard</ModuleName>
      <Classes />
    </Module>
    <Module skippedDueTo="Filter" hash="BC-AA-30-9D-52-79-68-B0-D7-E6-57-4B-26-E2-0A-95-B9-3C-72-72">
      <ModulePath>C:\WINDOWS\Microsoft.Net\assembly\GAC_MSIL\System.Configuration\v4.0_4.0.0.0__b03f5f7f11d50a3a\System.Configuration.dll</ModulePath>
      <ModuleTime>2022-05-07T05:20:27.8009213Z</ModuleTime>
      <ModuleName>System.Configuration</ModuleName>
      <Classes />
    </Module>
    <Module skippedDueTo="Filter" hash="62-43-7B-4E-B1-83-04-37-E7-2B-D8-70-EE-85-DF-F3-44-D4-F5-AF">
      <ModulePath>C:\Program Files\Microsoft Visual Studio\2022\Community\Common7\IDE\Extensions\TestPlatform\Microsoft.Extensions.FileSystemGlobbing.dll</ModulePath>
      <ModuleTime>2023-11-15T07:59:49.3663883Z</ModuleTime>
      <ModuleName>Microsoft.Extensions.FileSystemGlobbing</ModuleName>
      <Classes />
    </Module>
    <Module skippedDueTo="Filter" hash="04-A6-D1-0C-1C-BD-F8-1E-65-7D-5F-0D-0F-8D-8A-E6-DC-F9-88-B3">
      <ModulePath>C:\Program Files\Microsoft Visual Studio\2022\Community\Common7\IDE\Extensions\TestPlatform\Microsoft.TestPlatform.CrossPlatEngine.dll</ModulePath>
      <ModuleTime>2023-11-15T07:59:49.3890261Z</ModuleTime>
      <ModuleName>Microsoft.TestPlatform.CrossPlatEngine</ModuleName>
      <Classes />
    </Module>
    <Module skippedDueTo="Filter" hash="A5-8E-BF-B4-B4-3C-21-A6-11-4C-B9-A4-55-DA-05-87-67-82-82-8E">
      <ModulePath>C:\Program Files\Microsoft Visual Studio\2022\Community\Common7\IDE\Extensions\TestPlatform\ja\Microsoft.VisualStudio.TestPlatform.Common.resources.dll</ModulePath>
      <ModuleTime>2023-11-15T07:59:49.3417591Z</ModuleTime>
      <ModuleName>Microsoft.VisualStudio.TestPlatform.Common.resources</ModuleName>
      <Classes />
    </Module>
    <Module skippedDueTo="Filter" hash="16-2D-47-03-40-F4-71-1A-3D-D2-D9-42-E3-19-03-D7-02-9A-B2-1A">
      <ModulePath>C:\Program Files\Microsoft Visual Studio\2022\Community\Common7\IDE\Extensions\TestPlatform\Extensions\Microsoft.TestPlatform.Extensions.BlameDataCollector.dll</ModulePath>
      <ModuleTime>2023-11-15T07:59:49.1846701Z</ModuleTime>
      <ModuleName>Microsoft.TestPlatform.Extensions.BlameDataCollector</ModuleName>
      <Classes />
    </Module>
    <Module skippedDueTo="Filter" hash="30-3D-71-22-69-EB-BA-AC-47-6F-8B-6D-B4-47-2B-D2-46-4B-D3-CE">
      <ModulePath>C:\Program Files\Microsoft Visual Studio\2022\Community\Common7\IDE\Extensions\TestPlatform\System.Reflection.Metadata.dll</ModulePath>
      <ModuleTime>2023-11-15T07:59:49.577337Z</ModuleTime>
      <ModuleName>System.Reflection.Metadata</ModuleName>
      <Classes />
    </Module>
    <Module skippedDueTo="Filter" hash="EE-F9-43-E4-36-91-66-A0-39-DE-E9-0F-2D-81-50-46-13-D4-9C-A0">
      <ModulePath>C:\Program Files\Microsoft Visual Studio\2022\Community\Common7\IDE\Extensions\TestPlatform\System.Collections.Immutable.dll</ModulePath>
      <ModuleTime>2023-11-15T07:59:49.5457041Z</ModuleTime>
      <ModuleName>System.Collections.Immutable</ModuleName>
      <Classes />
    </Module>
    <Module skippedDueTo="Filter" hash="D2-0D-EE-19-66-9D-CE-03-E5-E1-C2-29-15-17-E8-F3-70-F4-9F-D0">
      <ModulePath>C:\Program Files\Microsoft Visual Studio\2022\Community\Common7\IDE\Extensions\TestPlatform\Extensions\Microsoft.TestPlatform.Extensions.EventLogCollector.dll</ModulePath>
      <ModuleTime>2023-11-15T07:59:49.1846701Z</ModuleTime>
      <ModuleName>Microsoft.TestPlatform.Extensions.EventLogCollector</ModuleName>
      <Classes />
    </Module>
    <Module skippedDueTo="Filter" hash="BB-3B-7B-21-39-B5-5D-FB-FB-06-2F-DA-CA-9B-A2-F4-5B-22-BC-04">
      <ModulePath>C:\Program Files\Microsoft Visual Studio\2022\Community\Common7\IDE\Extensions\TestPlatform\Extensions\Microsoft.TestPlatform.TestHostRuntimeProvider.dll</ModulePath>
      <ModuleTime>2023-11-15T07:59:49.1846701Z</ModuleTime>
      <ModuleName>Microsoft.TestPlatform.TestHostRuntimeProvider</ModuleName>
      <Classes />
    </Module>
    <Module skippedDueTo="Filter" hash="2B-B5-74-F6-ED-A3-97-5A-60-F7-C0-94-00-AC-A5-01-6D-E5-46-2F">
      <ModulePath>C:\Program Files\Microsoft Visual Studio\2022\Community\Common7\IDE\Extensions\TestPlatform\Microsoft.VisualStudio.ArchitectureTools.PEReader.dll</ModulePath>
      <ModuleTime>2023-11-15T07:59:49.4046492Z</ModuleTime>
      <ModuleName>Microsoft.VisualStudio.ArchitectureTools.PEReader</ModuleName>
      <Classes />
    </Module>
    <Module skippedDueTo="Filter" hash="2B-B5-74-F6-ED-A3-97-5A-60-F7-C0-94-00-AC-A5-01-6D-E5-46-2F">
      <ModulePath>C:\Program Files\Microsoft Visual Studio\2022\Community\Common7\IDE\Extensions\TestPlatform\Extensions\Microsoft.VisualStudio.ArchitectureTools.PEReader.dll</ModulePath>
      <ModuleTime>2023-11-15T07:59:49.1846701Z</ModuleTime>
      <ModuleName>Microsoft.VisualStudio.ArchitectureTools.PEReader</ModuleName>
      <Classes />
    </Module>
    <Module skippedDueTo="Filter" hash="DB-E5-C7-23-A1-D1-64-2E-51-49-ED-09-AE-B4-B0-57-57-32-12-DE">
      <ModulePath>C:\Program Files\Microsoft Visual Studio\2022\Community\Common7\IDE\Extensions\TestPlatform\Extensions\Microsoft.VisualStudio.TestPlatform.Extensions.CodedWebTestAdapter.dll</ModulePath>
      <ModuleTime>2023-11-15T07:59:49.1846701Z</ModuleTime>
      <ModuleName>Microsoft.VisualStudio.TestPlatform.Extensions.CodedWebTestAdapter</ModuleName>
      <Classes />
    </Module>
    <Module skippedDueTo="Filter" hash="A3-9E-61-15-D2-11-6E-E3-0D-B3-3A-E7-BD-DA-E9-7B-B2-84-A4-9C">
      <ModulePath>C:\Program Files\Microsoft Visual Studio\2022\Community\Common7\IDE\Extensions\TestPlatform\Extensions\Microsoft.VisualStudio.TestPlatform.Extensions.TmiAdapter.dll</ModulePath>
      <ModuleTime>2023-11-15T07:59:49.1846701Z</ModuleTime>
      <ModuleName>Microsoft.VisualStudio.TestPlatform.Extensions.TmiAdapter</ModuleName>
      <Classes />
    </Module>
    <Module skippedDueTo="Filter" hash="8A-1A-8C-2D-93-A1-E3-11-F3-87-B6-4D-05-B5-46-ED-99-97-87-AC">
      <ModulePath>C:\Program Files\Microsoft Visual Studio\2022\Community\Common7\IDE\Extensions\TestPlatform\Microsoft.VisualStudio.QualityTools.Common.dll</ModulePath>
      <ModuleTime>2023-11-15T07:59:49.4359425Z</ModuleTime>
      <ModuleName>Microsoft.VisualStudio.QualityTools.Common</ModuleName>
      <Classes />
    </Module>
    <Module skippedDueTo="Filter" hash="42-F0-7B-19-D6-80-1A-78-85-AB-6F-20-18-DC-9D-5D-15-20-FD-AF">
      <ModulePath>C:\Program Files\Microsoft Visual Studio\2022\Community\Common7\IDE\Extensions\TestPlatform\Extensions\Microsoft.VisualStudio.TestPlatform.Extensions.Html.TestLogger.dll</ModulePath>
      <ModuleTime>2023-11-15T07:59:49.1846701Z</ModuleTime>
      <ModuleName>Microsoft.VisualStudio.TestPlatform.Extensions.Html.TestLogger</ModuleName>
      <Classes />
    </Module>
    <Module skippedDueTo="Filter" hash="76-D3-A2-3B-DB-E9-01-D8-6A-22-2A-92-0A-E5-1B-93-51-8F-47-6D">
      <ModulePath>C:\Program Files\Microsoft Visual Studio\2022\Community\Common7\IDE\Extensions\TestPlatform\Extensions\Microsoft.VisualStudio.TestPlatform.Extensions.Trx.TestLogger.dll</ModulePath>
      <ModuleTime>2023-11-15T07:59:49.1846701Z</ModuleTime>
      <ModuleName>Microsoft.VisualStudio.TestPlatform.Extensions.Trx.TestLogger</ModuleName>
      <Classes />
    </Module>
    <Module skippedDueTo="Filter" hash="34-96-4E-F1-3C-A4-09-D2-4B-53-CD-A8-27-77-12-53-EB-04-03-77">
      <ModulePath>C:\Program Files\Microsoft Visual Studio\2022\Community\Common7\IDE\Extensions\TestPlatform\Extensions\Microsoft.VisualStudio.TestPlatform.Extensions.VSTestIntegration.dll</ModulePath>
      <ModuleTime>2023-11-15T07:59:49.2002946Z</ModuleTime>
      <ModuleName>Microsoft.VisualStudio.TestPlatform.Extensions.VSTestIntegration</ModuleName>
      <Classes />
    </Module>
    <Module skippedDueTo="Filter" hash="A7-C0-FB-6E-68-F9-4E-A3-80-78-D5-CE-24-EA-50-62-5B-17-2E-27">
      <ModulePath>C:\Program Files\Microsoft Visual Studio\2022\Community\Common7\IDE\Extensions\TestPlatform\Microsoft.VisualStudio.QualityTools.UnitTestFramework.dll</ModulePath>
      <ModuleTime>2023-11-15T07:59:49.4675743Z</ModuleTime>
      <ModuleName>Microsoft.VisualStudio.QualityTools.UnitTestFramework</ModuleName>
      <Classes />
    </Module>
    <Module skippedDueTo="Filter" hash="92-E3-29-50-04-DD-80-04-AF-F7-2B-CB-4B-E8-1A-4F-92-EF-6C-94">
      <ModulePath>C:\WINDOWS\Microsoft.Net\assembly\GAC_64\System.Data\v4.0_4.0.0.0__b77a5c561934e089\System.Data.dll</ModulePath>
      <ModuleTime>2023-11-30T03:23:40.2949389Z</ModuleTime>
      <ModuleName>System.Data</ModuleName>
      <Classes />
    </Module>
    <Module skippedDueTo="Filter" hash="D4-E4-9B-8B-11-DD-F6-CD-9F-0D-7F-B4-40-4D-F7-73-D6-5B-F4-F0">
      <ModulePath>C:\Program Files\Microsoft Visual Studio\2022\Community\Common7\IDE\Extensions\TestPlatform\Extensions\Microsoft.VisualStudio.TestPlatform.Extensions.WebTestAdapter.dll</ModulePath>
      <ModuleTime>2023-11-15T07:59:49.2002946Z</ModuleTime>
      <ModuleName>Microsoft.VisualStudio.TestPlatform.Extensions.WebTestAdapter</ModuleName>
      <Classes />
    </Module>
    <Module skippedDueTo="Filter" hash="04-BA-78-1F-C0-32-77-11-49-9C-41-4D-87-9D-51-E9-73-0D-52-4B">
      <ModulePath>C:\Program Files\Microsoft Visual Studio\2022\Community\Common7\IDE\Extensions\TestPlatform\Extensions\Microsoft.VisualStudio.TestTools.CppUnitTestFramework.ComInterfaces.dll</ModulePath>
      <ModuleTime>2023-11-15T07:59:49.2002946Z</ModuleTime>
      <ModuleName>Microsoft.VisualStudio.TestTools.CppUnitTestFramework.ComInterfaces</ModuleName>
      <Classes />
    </Module>
    <Module skippedDueTo="Filter" hash="B1-D1-98-16-5D-92-0C-3B-F0-E6-C9-33-80-0A-01-6A-5B-BB-72-1F">
      <ModulePath>C:\Program Files\Microsoft Visual Studio\2022\Community\Common7\IDE\Extensions\TestPlatform\Extensions\Microsoft.VisualStudio.TestTools.CppUnitTestFramework.CppUnitTestExtension.dll</ModulePath>
      <ModuleTime>2023-11-15T07:59:49.2002946Z</ModuleTime>
      <ModuleName>Microsoft.VisualStudio.TestTools.CppUnitTestFramework.CppUnitTestExtension</ModuleName>
      <Classes />
    </Module>
    <Module skippedDueTo="Filter" hash="BF-7E-14-11-94-9F-08-B2-51-66-A2-B0-C0-62-1D-37-F7-D9-2F-B2">
      <ModulePath>C:\Program Files\Microsoft Visual Studio\2022\Community\Common7\IDE\Extensions\TestPlatform\Extensions\Microsoft.VisualStudio.TestTools.DataCollection.MediaRecorder.Model.dll</ModulePath>
      <ModuleTime>2023-11-15T07:59:49.2002946Z</ModuleTime>
      <ModuleName>Microsoft.VisualStudio.TestTools.DataCollection.MediaRecorder.Model</ModuleName>
      <Classes />
    </Module>
    <Module skippedDueTo="Filter" hash="27-3E-39-86-40-81-35-C6-6B-C5-C6-C6-6E-21-FF-76-9C-79-64-3E">
      <ModulePath>C:\Program Files\Microsoft Visual Studio\2022\Community\Common7\IDE\Extensions\TestPlatform\Extensions\Microsoft.VisualStudio.TestTools.DataCollection.VideoRecorderCollector.dll</ModulePath>
      <ModuleTime>2023-11-15T07:59:49.2002946Z</ModuleTime>
      <ModuleName>Microsoft.VisualStudio.TestTools.DataCollection.VideoRecorderCollector</ModuleName>
      <Classes />
    </Module>
    <Module skippedDueTo="Filter" hash="86-C4-EA-D8-AA-A5-33-30-ED-24-0E-F1-37-7E-42-B3-D9-26-FD-FC">
      <ModulePath>C:\Program Files\Microsoft Visual Studio\2022\Community\Common7\IDE\Extensions\TestPlatform\Extensions\Microsoft.VisualStudio.UwpTestHostRuntimeProvider.dll</ModulePath>
      <ModuleTime>2024-02-02T09:58:12.2995641Z</ModuleTime>
      <ModuleName>Microsoft.VisualStudio.UwpTestHostRuntimeProvider</ModuleName>
      <Classes />
    </Module>
    <Module skippedDueTo="Filter" hash="DE-0C-B6-5E-E8-77-66-3D-A2-72-B4-16-2A-55-A6-4A-B8-66-9F-74">
      <ModulePath>C:\Program Files\Microsoft Visual Studio\2022\Community\Common7\IDE\Extensions\TestPlatform\Microsoft.VisualStudio.Telemetry.dll</ModulePath>
      <ModuleTime>2024-02-02T09:58:12.3095171Z</ModuleTime>
      <ModuleName>Microsoft.VisualStudio.Telemetry</ModuleName>
      <Classes />
    </Module>
    <Module skippedDueTo="Filter" hash="B7-89-A5-1F-29-1F-A5-9C-E4-B1-90-BD-D3-00-3B-74-1D-F8-F5-9F">
      <ModulePath>C:\Program Files\Microsoft Visual Studio\2022\Community\Common7\IDE\Extensions\TestPlatform\Microsoft.VisualStudio.UwpTestHostRuntimeProvider.Deployment.dll</ModulePath>
      <ModuleTime>2024-02-02T09:58:12.3095171Z</ModuleTime>
      <ModuleName>Microsoft.VisualStudio.UwpTestHostRuntimeProvider.Deployment</ModuleName>
      <Classes />
    </Module>
    <Module skippedDueTo="Filter" hash="35-9E-7A-0C-5B-DE-46-2C-19-EA-0F-53-17-07-11-BF-30-55-79-77">
      <ModulePath>C:\Program Files\Microsoft Visual Studio\2022\Community\Common7\IDE\Extensions\TestPlatform\Microsoft.TestPlatform.CommunicationUtilities.dll</ModulePath>
      <ModuleTime>2023-11-15T07:59:49.3733949Z</ModuleTime>
      <ModuleName>Microsoft.TestPlatform.CommunicationUtilities</ModuleName>
      <Classes />
    </Module>
    <Module skippedDueTo="Filter" hash="12-F2-49-9A-17-71-92-10-65-64-C3-4F-04-CE-C5-BA-6D-D7-93-C6">
      <ModulePath>C:\Program Files\Microsoft Visual Studio\2022\Community\Common7\IDE\Extensions\TestPlatform\Newtonsoft.Json.dll</ModulePath>
      <ModuleTime>2023-11-15T07:59:49.5144541Z</ModuleTime>
      <ModuleName>Newtonsoft.Json</ModuleName>
      <Classes />
    </Module>
    <Module skippedDueTo="Filter" hash="A8-4A-2C-8E-1A-63-F6-02-8F-EF-D2-18-48-92-9D-05-CE-B4-3D-42">
      <ModulePath>C:\Program Files\Microsoft Visual Studio\2022\Community\Common7\IDE\Extensions\TestPlatform\Microsoft.TestPlatform.VsTestConsole.TranslationLayer.dll</ModulePath>
      <ModuleTime>2023-11-15T07:59:49.3890261Z</ModuleTime>
      <ModuleName>Microsoft.TestPlatform.VsTestConsole.TranslationLayer</ModuleName>
      <Classes />
    </Module>
    <Module skippedDueTo="Filter" hash="3F-3B-1A-CC-6F-FD-95-E2-A8-57-5F-3D-7B-6C-D9-91-3E-96-10-E8">
      <ModulePath>D:\sk\programming\vs-localized-intellisense\src\VsLocalizedIntellisense.App\VsLocalizedIntellisense.Test\bin\Debug\Microsoft.VisualStudio.TestPlatform.MSTest.TestAdapter.dll</ModulePath>
      <ModuleTime>2024-02-22T12:22:42Z</ModuleTime>
      <ModuleName>Microsoft.VisualStudio.TestPlatform.MSTest.TestAdapter</ModuleName>
      <Classes />
    </Module>
    <Module skippedDueTo="Filter" hash="82-CE-81-B8-FA-70-A5-2F-F1-7F-8A-C0-F9-EC-EC-07-51-83-51-84">
      <ModulePath>C:\WINDOWS\Microsoft.Net\assembly\GAC_MSIL\System.ComponentModel.Composition\v4.0_4.0.0.0__b77a5c561934e089\System.ComponentModel.Composition.dll</ModulePath>
      <ModuleTime>2022-05-07T05:20:28.2697004Z</ModuleTime>
      <ModuleName>System.ComponentModel.Composition</ModuleName>
      <Classes />
    </Module>
    <Module skippedDueTo="Filter" hash="12-B2-EB-F1-86-A7-2C-48-30-51-F7-1F-DA-C1-4B-CD-40-26-0C-60">
      <ModulePath>C:\WINDOWS\Microsoft.Net\assembly\GAC_MSIL\System.resources\v4.0_4.0.0.0_ja_b77a5c561934e089\System.resources.dll</ModulePath>
      <ModuleTime>2022-05-07T10:13:43.2960254Z</ModuleTime>
      <ModuleName>System.resources</ModuleName>
      <Classes />
    </Module>
    <Module skippedDueTo="Filter" hash="8B-79-C3-D5-74-42-E3-9E-49-4E-8B-14-FE-F6-FB-28-1E-3C-88-DC">
      <ModulePath>C:\WINDOWS\Microsoft.Net\assembly\GAC_MSIL\System.Xml.Linq\v4.0_4.0.0.0__b77a5c561934e089\System.Xml.Linq.dll</ModulePath>
      <ModuleTime>2022-05-07T05:20:27.5977864Z</ModuleTime>
      <ModuleName>System.Xml.Linq</ModuleName>
      <Classes />
    </Module>
    <Module skippedDueTo="Filter" hash="EA-02-D1-4E-FD-6A-34-C1-91-92-3E-32-7C-09-6B-B4-7A-9F-C8-04">
      <ModulePath>D:\sk\programming\vs-localized-intellisense\src\VsLocalizedIntellisense.App\VsLocalizedIntellisense.Test\bin\Debug\Microsoft.VisualStudio.TestPlatform.MSTestAdapter.PlatformServices.dll</ModulePath>
      <ModuleTime>2024-02-22T12:22:34Z</ModuleTime>
      <ModuleName>Microsoft.VisualStudio.TestPlatform.MSTestAdapter.PlatformServices</ModuleName>
      <Classes />
    </Module>
    <Module skippedDueTo="Filter" hash="AE-37-0A-F7-BB-20-6C-E1-2F-A3-08-F9-5B-10-BC-75-9C-89-E1-E1">
      <ModulePath>D:\sk\programming\vs-localized-intellisense\src\VsLocalizedIntellisense.App\VsLocalizedIntellisense.Test\bin\Debug\Microsoft.VisualStudio.TestPlatform.TestFramework.dll</ModulePath>
      <ModuleTime>2024-02-22T12:21:32Z</ModuleTime>
      <ModuleName>Microsoft.VisualStudio.TestPlatform.TestFramework</ModuleName>
      <Classes />
    </Module>
    <Module skippedDueTo="Filter" hash="CC-98-B1-CE-E1-87-79-23-0C-53-79-3E-BE-B3-C3-26-0B-FB-0A-28">
      <ModulePath>C:\Program Files\Microsoft Visual Studio\2022\Community\Common7\IDE\Extensions\TestPlatform\Microsoft.VisualStudio.TestPlatform.ObjectModel.dll</ModulePath>
      <ModuleTime>2023-11-15T07:59:49.4832027Z</ModuleTime>
      <ModuleName>Microsoft.VisualStudio.TestPlatform.ObjectModel</ModuleName>
      <Classes />
    </Module>
    <Module skippedDueTo="Filter" hash="AB-73-18-C6-B9-5A-C8-4E-F6-D1-B5-BF-13-D9-F6-D0-B1-4F-FC-C6">
      <ModulePath>D:\sk\programming\vs-localized-intellisense\src\VsLocalizedIntellisense.App\VsLocalizedIntellisense.Test\bin\Debug\VsLocalizedIntellisense.Test.dll</ModulePath>
      <ModuleTime>2024-02-28T11:45:03.5082253Z</ModuleTime>
      <ModuleName>VsLocalizedIntellisense.Test</ModuleName>
      <Classes />
    </Module>
    <Module skippedDueTo="Filter" hash="19-30-0D-03-8A-56-6C-95-B8-A4-1D-9B-8C-60-17-FA-65-43-92-89">
      <ModulePath>C:\Program Files\Microsoft Visual Studio\2022\Community\Common7\IDE\Extensions\TestPlatform\Microsoft.TestPlatform.PlatformAbstractions.dll</ModulePath>
      <ModuleTime>2023-11-15T07:59:49.3890261Z</ModuleTime>
      <ModuleName>Microsoft.TestPlatform.PlatformAbstractions</ModuleName>
      <Classes />
    </Module>
    <Module skippedDueTo="Filter" hash="EA-02-D1-4E-FD-6A-34-C1-91-92-3E-32-7C-09-6B-B4-7A-9F-C8-04">
      <ModulePath>D:\sk\programming\vs-localized-intellisense\src\VsLocalizedIntellisense.App\VsLocalizedIntellisense.Test\bin\Debug\Microsoft.VisualStudio.TestPlatform.MSTestAdapter.PlatformServices.dll</ModulePath>
      <ModuleTime>2024-02-22T12:22:34Z</ModuleTime>
      <ModuleName>Microsoft.VisualStudio.TestPlatform.MSTestAdapter.PlatformServices</ModuleName>
      <Classes />
    </Module>
    <Module skippedDueTo="Filter" hash="D6-D6-35-1A-46-07-53-9F-D0-74-66-7E-F7-19-77-52-F2-0A-03-00">
      <ModulePath>C:\WINDOWS\Microsoft.Net\assembly\GAC_MSIL\System\v4.0_4.0.0.0__b77a5c561934e089\System.dll</ModulePath>
      <ModuleTime>2023-12-16T02:37:08.8212999Z</ModuleTime>
      <ModuleName>System</ModuleName>
      <Classes />
    </Module>
    <Module skippedDueTo="Filter" hash="AB-73-18-C6-B9-5A-C8-4E-F6-D1-B5-BF-13-D9-F6-D0-B1-4F-FC-C6">
      <ModulePath>D:\sk\programming\vs-localized-intellisense\src\VsLocalizedIntellisense.App\VsLocalizedIntellisense.Test\bin\Debug\VsLocalizedIntellisense.Test.dll</ModulePath>
      <ModuleTime>2024-02-28T11:45:03.5082253Z</ModuleTime>
      <ModuleName>VsLocalizedIntellisense.Test</ModuleName>
      <Classes />
    </Module>
    <Module skippedDueTo="Filter" hash="19-30-0D-03-8A-56-6C-95-B8-A4-1D-9B-8C-60-17-FA-65-43-92-89">
      <ModulePath>C:\Program Files\Microsoft Visual Studio\2022\Community\Common7\IDE\Extensions\TestPlatform\Microsoft.TestPlatform.PlatformAbstractions.dll</ModulePath>
      <ModuleTime>2023-11-15T07:59:49.3890261Z</ModuleTime>
      <ModuleName>Microsoft.TestPlatform.PlatformAbstractions</ModuleName>
      <Classes />
    </Module>
    <Module skippedDueTo="Filter" hash="EA-02-D1-4E-FD-6A-34-C1-91-92-3E-32-7C-09-6B-B4-7A-9F-C8-04">
      <ModulePath>D:\sk\programming\vs-localized-intellisense\src\VsLocalizedIntellisense.App\VsLocalizedIntellisense.Test\bin\Debug\Microsoft.VisualStudio.TestPlatform.MSTestAdapter.PlatformServices.dll</ModulePath>
      <ModuleTime>2024-02-22T12:22:34Z</ModuleTime>
      <ModuleName>Microsoft.VisualStudio.TestPlatform.MSTestAdapter.PlatformServices</ModuleName>
      <Classes />
    </Module>
    <Module skippedDueTo="Filter" hash="3F-3B-1A-CC-6F-FD-95-E2-A8-57-5F-3D-7B-6C-D9-91-3E-96-10-E8">
      <ModulePath>D:\sk\programming\vs-localized-intellisense\src\VsLocalizedIntellisense.App\VsLocalizedIntellisense.Test\bin\Debug\Microsoft.VisualStudio.TestPlatform.MSTest.TestAdapter.dll</ModulePath>
      <ModuleTime>2024-02-22T12:22:42Z</ModuleTime>
      <ModuleName>Microsoft.VisualStudio.TestPlatform.MSTest.TestAdapter</ModuleName>
      <Classes />
    </Module>
    <Module skippedDueTo="Filter" hash="AE-37-0A-F7-BB-20-6C-E1-2F-A3-08-F9-5B-10-BC-75-9C-89-E1-E1">
      <ModulePath>D:\sk\programming\vs-localized-intellisense\src\VsLocalizedIntellisense.App\VsLocalizedIntellisense.Test\bin\Debug\Microsoft.VisualStudio.TestPlatform.TestFramework.dll</ModulePath>
      <ModuleTime>2024-02-22T12:21:32Z</ModuleTime>
      <ModuleName>Microsoft.VisualStudio.TestPlatform.TestFramework</ModuleName>
      <Classes />
    </Module>
    <Module skippedDueTo="Filter" hash="AB-73-18-C6-B9-5A-C8-4E-F6-D1-B5-BF-13-D9-F6-D0-B1-4F-FC-C6">
      <ModulePath>D:\sk\programming\vs-localized-intellisense\src\VsLocalizedIntellisense.App\VsLocalizedIntellisense.Test\bin\Debug\VsLocalizedIntellisense.Test.dll</ModulePath>
      <ModuleTime>2024-02-28T11:45:03.5082253Z</ModuleTime>
      <ModuleName>VsLocalizedIntellisense.Test</ModuleName>
      <Classes />
    </Module>
    <Module hash="6D-74-EC-F9-BC-41-F1-4B-FB-C7-5B-29-B6-D6-43-47-75-85-CA-1B">
      <Summary numSequencePoints="1648" visitedSequencePoints="1073" numBranchPoints="730" visitedBranchPoints="436" sequenceCoverage="65.11" branchCoverage="59.73" maxCyclomaticComplexity="12" minCyclomaticComplexity="1" maxCrapScore="42" minCrapScore="1" visitedClasses="62" numClasses="92" visitedMethods="277" numMethods="476" />
      <ModulePath>D:\sk\programming\vs-localized-intellisense\src\VsLocalizedIntellisense.App\VsLocalizedIntellisense.Test\bin\Debug\VsLocalizedIntellisense.exe</ModulePath>
      <ModuleTime>2024-02-28T11:45:03.3619409Z</ModuleTime>
      <ModuleName>VsLocalizedIntellisense</ModuleName>
      <Files>
        <File uid="1" fullPath="D:\sk\programming\vs-localized-intellisense\src\VsLocalizedIntellisense.App\VsLocalizedIntellisense\App.xaml.cs" />
        <File uid="2" fullPath="D:\sk\programming\vs-localized-intellisense\src\VsLocalizedIntellisense.App\VsLocalizedIntellisense\obj\Debug\App.g.cs" />
        <File uid="3" fullPath="D:\sk\programming\vs-localized-intellisense\src\VsLocalizedIntellisense.App\VsLocalizedIntellisense\App.xaml" />
        <File uid="5" fullPath="D:\sk\programming\vs-localized-intellisense\src\VsLocalizedIntellisense.App\VsLocalizedIntellisense\Properties\Resources.Designer.cs" />
        <File uid="6" fullPath="D:\sk\programming\vs-localized-intellisense\src\VsLocalizedIntellisense.App\VsLocalizedIntellisense\Views\MainWindow.xaml.cs" />
        <File uid="7" fullPath="D:\sk\programming\vs-localized-intellisense\src\VsLocalizedIntellisense.App\VsLocalizedIntellisense\obj\Debug\Views\MainWindow.g.cs" />
        <File uid="8" fullPath="D:\sk\programming\vs-localized-intellisense\src\VsLocalizedIntellisense.App\VsLocalizedIntellisense\Views\MainWindow.xaml" />
        <File uid="9" fullPath="D:\sk\programming\vs-localized-intellisense\src\VsLocalizedIntellisense.App\VsLocalizedIntellisense\ViewModels\IntellisenseDirectoryViewModel.cs" />
        <File uid="10" fullPath="D:\sk\programming\vs-localized-intellisense\src\VsLocalizedIntellisense.App\VsLocalizedIntellisense\ViewModels\IntellisenseVersionViewModel.cs" />
        <File uid="11" fullPath="D:\sk\programming\vs-localized-intellisense\src\VsLocalizedIntellisense.App\VsLocalizedIntellisense\ViewModels\MainViewModel.cs" />
        <File uid="12" fullPath="D:\sk\programming\vs-localized-intellisense\src\VsLocalizedIntellisense.App\VsLocalizedIntellisense\ViewModels\ValidateMessage.cs" />
        <File uid="13" fullPath="D:\sk\programming\vs-localized-intellisense\src\VsLocalizedIntellisense.App\VsLocalizedIntellisense\ViewModels\Message\OpenFileDialogMessage.cs" />
        <File uid="15" fullPath="D:\sk\programming\vs-localized-intellisense\src\VsLocalizedIntellisense.App\VsLocalizedIntellisense\Models\CacheFile.cs" />
        <File uid="16" fullPath="D:\sk\programming\vs-localized-intellisense\src\VsLocalizedIntellisense.App\VsLocalizedIntellisense\Models\IOHelper.cs" />
        <File uid="17" fullPath="D:\sk\programming\vs-localized-intellisense\src\VsLocalizedIntellisense.App\VsLocalizedIntellisense\Models\LinqExtensions.cs" />
        <File uid="18" fullPath="D:\sk\programming\vs-localized-intellisense\src\VsLocalizedIntellisense.App\VsLocalizedIntellisense\Models\Disposer.cs" />
        <File uid="19" fullPath="D:\sk\programming\vs-localized-intellisense\src\VsLocalizedIntellisense.App\VsLocalizedIntellisense\Models\NotifyModelBase.cs" />
        <File uid="20" fullPath="D:\sk\programming\vs-localized-intellisense\src\VsLocalizedIntellisense.App\VsLocalizedIntellisense\Models\Strings.cs" />
        <File uid="23" fullPath="D:\sk\programming\vs-localized-intellisense\src\VsLocalizedIntellisense.App\VsLocalizedIntellisense\Models\Service\Application\AppGitHubService.cs" />
        <File uid="26" fullPath="D:\sk\programming\vs-localized-intellisense\src\VsLocalizedIntellisense.App\VsLocalizedIntellisense\Models\Service\GitHub\GitHubContentResponseItem.cs" />
        <File uid="27" fullPath="D:\sk\programming\vs-localized-intellisense\src\VsLocalizedIntellisense.App\VsLocalizedIntellisense\Models\Service\GitHub\GitHubOptions.cs" />
        <File uid="28" fullPath="D:\sk\programming\vs-localized-intellisense\src\VsLocalizedIntellisense.App\VsLocalizedIntellisense\Models\Service\GitHub\GitHubRepository.cs" />
        <File uid="29" fullPath="D:\sk\programming\vs-localized-intellisense\src\VsLocalizedIntellisense.App\VsLocalizedIntellisense\Models\Service\GitHub\GitHubResponseLink.cs" />
        <File uid="30" fullPath="D:\sk\programming\vs-localized-intellisense\src\VsLocalizedIntellisense.App\VsLocalizedIntellisense\Models\Service\GitHub\GitHubService.cs" />
        <File uid="33" fullPath="D:\sk\programming\vs-localized-intellisense\src\VsLocalizedIntellisense.App\VsLocalizedIntellisense\Models\Mvvm\Message\MessageItem.cs" />
        <File uid="34" fullPath="D:\sk\programming\vs-localized-intellisense\src\VsLocalizedIntellisense.App\VsLocalizedIntellisense\Models\Mvvm\Message\Messenger.cs" />
        <File uid="36" fullPath="D:\sk\programming\vs-localized-intellisense\src\VsLocalizedIntellisense.App\VsLocalizedIntellisense\Models\Mvvm\Message\MessengerAttribute.cs" />
        <File uid="37" fullPath="D:\sk\programming\vs-localized-intellisense\src\VsLocalizedIntellisense.App\VsLocalizedIntellisense\Models\Mvvm\Message\MessengerHelper.cs" />
        <File uid="39" fullPath="D:\sk\programming\vs-localized-intellisense\src\VsLocalizedIntellisense.App\VsLocalizedIntellisense\Models\Mvvm\Message\ScopedMessenger.cs" />
        <File uid="40" fullPath="D:\sk\programming\vs-localized-intellisense\src\VsLocalizedIntellisense.App\VsLocalizedIntellisense\Models\Mvvm\Message\ViewMessenger.cs" />
        <File uid="41" fullPath="D:\sk\programming\vs-localized-intellisense\src\VsLocalizedIntellisense.App\VsLocalizedIntellisense\Models\Mvvm\Command\AsyncDelegateCommand.cs" />
        <File uid="45" fullPath="D:\sk\programming\vs-localized-intellisense\src\VsLocalizedIntellisense.App\VsLocalizedIntellisense\Models\Mvvm\Command\CommandBase.cs" />
        <File uid="46" fullPath="D:\sk\programming\vs-localized-intellisense\src\VsLocalizedIntellisense.App\VsLocalizedIntellisense\Models\Mvvm\Command\CommandExtensions.cs" />
        <File uid="48" fullPath="D:\sk\programming\vs-localized-intellisense\src\VsLocalizedIntellisense.App\VsLocalizedIntellisense\Models\Mvvm\Command\DelegateCommand.cs" />
        <File uid="51" fullPath="D:\sk\programming\vs-localized-intellisense\src\VsLocalizedIntellisense.App\VsLocalizedIntellisense\Models\Mvvm\Binding\BindModelBase.cs" />
        <File uid="52" fullPath="D:\sk\programming\vs-localized-intellisense\src\VsLocalizedIntellisense.App\VsLocalizedIntellisense\Models\Mvvm\Binding\SingleModelViewModelBase.cs" />
        <File uid="53" fullPath="D:\sk\programming\vs-localized-intellisense\src\VsLocalizedIntellisense.App\VsLocalizedIntellisense\Models\Mvvm\Binding\ViewModelBase.cs" />
        <File uid="54" fullPath="D:\sk\programming\vs-localized-intellisense\src\VsLocalizedIntellisense.App\VsLocalizedIntellisense\Models\Mvvm\Binding\Collection\ModelViewModelObservableCollectionManager.cs" />
        <File uid="58" fullPath="D:\sk\programming\vs-localized-intellisense\src\VsLocalizedIntellisense.App\VsLocalizedIntellisense\Models\Mvvm\Binding\Collection\ObservableCollectionManagerBase.cs" />
        <File uid="59" fullPath="D:\sk\programming\vs-localized-intellisense\src\VsLocalizedIntellisense.App\VsLocalizedIntellisense\Models\Mvvm\Binding\Collection\ModelViewModelObservableCollectionOptions.cs" />
        <File uid="67" fullPath="D:\sk\programming\vs-localized-intellisense\src\VsLocalizedIntellisense.App\VsLocalizedIntellisense\Models\Logger\ILoggerFactoryExtensions.cs" />
        <File uid="68" fullPath="D:\sk\programming\vs-localized-intellisense\src\VsLocalizedIntellisense.App\VsLocalizedIntellisense\Models\Logger\AppLoggerFactory.cs" />
        <File uid="69" fullPath="D:\sk\programming\vs-localized-intellisense\src\VsLocalizedIntellisense.App\VsLocalizedIntellisense\Models\Logger\FileLogger.cs" />
        <File uid="70" fullPath="D:\sk\programming\vs-localized-intellisense\src\VsLocalizedIntellisense.App\VsLocalizedIntellisense\Models\Logger\Logging.cs" />
        <File uid="72" fullPath="D:\sk\programming\vs-localized-intellisense\src\VsLocalizedIntellisense.App\VsLocalizedIntellisense\Models\Logger\LogItem.cs" />
        <File uid="73" fullPath="D:\sk\programming\vs-localized-intellisense\src\VsLocalizedIntellisense.App\VsLocalizedIntellisense\Models\Logger\NullLoggers.cs" />
        <File uid="75" fullPath="D:\sk\programming\vs-localized-intellisense\src\VsLocalizedIntellisense.App\VsLocalizedIntellisense\Models\Logger\DebugLogger.cs" />
        <File uid="76" fullPath="D:\sk\programming\vs-localized-intellisense\src\VsLocalizedIntellisense.App\VsLocalizedIntellisense\Models\Logger\ILoggerExtensions.cs" />
        <File uid="77" fullPath="D:\sk\programming\vs-localized-intellisense\src\VsLocalizedIntellisense.App\VsLocalizedIntellisense\Models\Logger\LoggerBase.cs" />
        <File uid="79" fullPath="D:\sk\programming\vs-localized-intellisense\src\VsLocalizedIntellisense.App\VsLocalizedIntellisense\Models\Logger\LogOptions.cs" />
        <File uid="83" fullPath="D:\sk\programming\vs-localized-intellisense\src\VsLocalizedIntellisense.App\VsLocalizedIntellisense\Models\Logger\MultiLogger.cs" />
        <File uid="84" fullPath="D:\sk\programming\vs-localized-intellisense\src\VsLocalizedIntellisense.App\VsLocalizedIntellisense\Models\Element\IntellisenseDirectoryElement.cs" />
        <File uid="86" fullPath="D:\sk\programming\vs-localized-intellisense\src\VsLocalizedIntellisense.App\VsLocalizedIntellisense\Models\Element\IntellisenseVersionElement.cs" />
        <File uid="87" fullPath="D:\sk\programming\vs-localized-intellisense\src\VsLocalizedIntellisense.App\VsLocalizedIntellisense\Models\Element\ElementBase.cs" />
        <File uid="88" fullPath="D:\sk\programming\vs-localized-intellisense\src\VsLocalizedIntellisense.App\VsLocalizedIntellisense\Models\Element\MainElement.cs" />
        <File uid="91" fullPath="D:\sk\programming\vs-localized-intellisense\src\VsLocalizedIntellisense.App\VsLocalizedIntellisense\Models\Data\IntellisenseVersionData.cs" />
        <File uid="92" fullPath="D:\sk\programming\vs-localized-intellisense\src\VsLocalizedIntellisense.App\VsLocalizedIntellisense\Models\Configuration\AppConfigurationExtensions.cs" />
        <File uid="93" fullPath="D:\sk\programming\vs-localized-intellisense\src\VsLocalizedIntellisense.App\VsLocalizedIntellisense\Models\Configuration\AppConfigurationInitializeParameters.cs" />
        <File uid="94" fullPath="D:\sk\programming\vs-localized-intellisense\src\VsLocalizedIntellisense.App\VsLocalizedIntellisense\Models\Configuration\AppConfiguration.cs" />
      </Files>
      <Classes>
        <Class>
          <Summary numSequencePoints="0" visitedSequencePoints="0" numBranchPoints="0" visitedBranchPoints="0" sequenceCoverage="0" branchCoverage="0" maxCyclomaticComplexity="0" minCyclomaticComplexity="0" maxCrapScore="0" minCrapScore="0" visitedClasses="0" numClasses="0" visitedMethods="0" numMethods="0" />
          <FullName>&lt;Module&gt;</FullName>
          <Methods />
        </Class>
        <Class>
          <Summary numSequencePoints="14" visitedSequencePoints="0" numBranchPoints="8" visitedBranchPoints="0" sequenceCoverage="0" branchCoverage="0" maxCyclomaticComplexity="2" minCyclomaticComplexity="1" maxCrapScore="6" minCrapScore="2" visitedClasses="0" numClasses="1" visitedMethods="0" numMethods="4" />
          <FullName>VsLocalizedIntellisense.App</FullName>
          <Methods>
            <Method visited="false" cyclomaticComplexity="1" nPathComplexity="0" sequenceCoverage="0" branchCoverage="0" crapScore="2" isConstructor="false" isStatic="false" isGetter="true" isSetter="false">
              <Summary numSequencePoints="1" visitedSequencePoints="0" numBranchPoints="1" visitedBranchPoints="0" sequenceCoverage="0" branchCoverage="0" maxCyclomaticComplexity="1" minCyclomaticComplexity="1" maxCrapScore="2" minCrapScore="2" visitedClasses="0" numClasses="0" visitedMethods="0" numMethods="1" />
              <MetadataToken>100663297</MetadataToken>
              <Name>VsLocalizedIntellisense.Models.Logger.ILogger VsLocalizedIntellisense.App::get_Logger()</Name>
              <FileRef uid="1" />
              <SequencePoints>
                <SequencePoint vc="0" uspid="1" ordinal="0" offset="0" sl="26" sc="34" el="26" ec="38" bec="0" bev="0" fileid="1" />
              </SequencePoints>
              <BranchPoints />
              <MethodPoint xsi:type="SequencePoint" vc="0" uspid="1" ordinal="0" offset="0" sl="26" sc="34" el="26" ec="38" bec="0" bev="0" fileid="1" />
            </Method>
            <Method visited="false" cyclomaticComplexity="1" nPathComplexity="0" sequenceCoverage="0" branchCoverage="0" crapScore="2" isConstructor="false" isStatic="false" isGetter="false" isSetter="true">
              <Summary numSequencePoints="1" visitedSequencePoints="0" numBranchPoints="1" visitedBranchPoints="0" sequenceCoverage="0" branchCoverage="0" maxCyclomaticComplexity="1" minCyclomaticComplexity="1" maxCrapScore="2" minCrapScore="2" visitedClasses="0" numClasses="0" visitedMethods="0" numMethods="1" />
              <MetadataToken>100663298</MetadataToken>
              <Name>System.Void VsLocalizedIntellisense.App::set_Logger(VsLocalizedIntellisense.Models.Logger.ILogger)</Name>
              <FileRef uid="1" />
              <SequencePoints>
                <SequencePoint vc="0" uspid="2" ordinal="0" offset="0" sl="26" sc="39" el="26" ec="43" bec="0" bev="0" fileid="1" />
              </SequencePoints>
              <BranchPoints />
              <MethodPoint xsi:type="SequencePoint" vc="0" uspid="2" ordinal="0" offset="0" sl="26" sc="39" el="26" ec="43" bec="0" bev="0" fileid="1" />
            </Method>
            <Method visited="false" cyclomaticComplexity="1" nPathComplexity="0" sequenceCoverage="0" branchCoverage="0" crapScore="2" isConstructor="false" isStatic="false" isGetter="false" isSetter="false">
              <Summary numSequencePoints="0" visitedSequencePoints="0" numBranchPoints="0" visitedBranchPoints="0" sequenceCoverage="0" branchCoverage="0" maxCyclomaticComplexity="1" minCyclomaticComplexity="1" maxCrapScore="2" minCrapScore="2" visitedClasses="0" numClasses="0" visitedMethods="0" numMethods="0" />
              <MetadataToken>100663299</MetadataToken>
              <Name>System.Void VsLocalizedIntellisense.App::OnStartup(System.Windows.StartupEventArgs)</Name>
              <SequencePoints />
              <BranchPoints />
              <MethodPoint vc="0" uspid="3" ordinal="0" offset="0" />
            </Method>
            <Method visited="false" cyclomaticComplexity="2" nPathComplexity="2" sequenceCoverage="0" branchCoverage="0" crapScore="6" isConstructor="false" isStatic="false" isGetter="false" isSetter="false">
              <Summary numSequencePoints="5" visitedSequencePoints="0" numBranchPoints="3" visitedBranchPoints="0" sequenceCoverage="0" branchCoverage="0" maxCyclomaticComplexity="2" minCyclomaticComplexity="2" maxCrapScore="6" minCrapScore="6" visitedClasses="0" numClasses="0" visitedMethods="0" numMethods="1" />
              <MetadataToken>100663300</MetadataToken>
              <Name>System.Void VsLocalizedIntellisense.App::OnExit(System.Windows.ExitEventArgs)</Name>
              <FileRef uid="1" />
              <SequencePoints>
                <SequencePoint vc="0" uspid="4" ordinal="0" offset="0" sl="58" sc="9" el="58" ec="10" bec="0" bev="0" fileid="1" />
                <SequencePoint vc="0" uspid="5" ordinal="1" offset="1" sl="59" sc="13" el="59" ec="28" bec="0" bev="0" fileid="1" />
                <SequencePoint vc="0" uspid="6" ordinal="2" offset="9" sl="61" sc="13" el="61" ec="44" bec="2" bev="0" fileid="1" />
                <SequencePoint vc="0" uspid="7" ordinal="3" offset="44" sl="62" sc="13" el="62" ec="32" bec="0" bev="0" fileid="1" />
                <SequencePoint vc="0" uspid="8" ordinal="4" offset="50" sl="63" sc="9" el="63" ec="10" bec="0" bev="0" fileid="1" />
              </SequencePoints>
              <BranchPoints>
                <BranchPoint vc="0" uspid="9" ordinal="0" offset="16" sl="61" path="0" offsetend="18" fileid="1" />
                <BranchPoint vc="0" uspid="10" ordinal="1" offset="16" sl="61" path="1" offsetend="21" fileid="1" />
              </BranchPoints>
              <MethodPoint xsi:type="SequencePoint" vc="0" uspid="4" ordinal="0" offset="0" sl="58" sc="9" el="58" ec="10" bec="0" bev="0" fileid="1" />
            </Method>
            <Method visited="false" cyclomaticComplexity="2" nPathComplexity="2" sequenceCoverage="0" branchCoverage="0" crapScore="6" isConstructor="false" isStatic="false" isGetter="false" isSetter="false">
              <Summary numSequencePoints="7" visitedSequencePoints="0" numBranchPoints="3" visitedBranchPoints="0" sequenceCoverage="0" branchCoverage="0" maxCyclomaticComplexity="2" minCyclomaticComplexity="2" maxCrapScore="6" minCrapScore="6" visitedClasses="0" numClasses="0" visitedMethods="0" numMethods="1" />
              <MetadataToken>100663301</MetadataToken>
              <Name>System.Void VsLocalizedIntellisense.App::InitializeComponent()</Name>
              <FileRef uid="2" />
              <SequencePoints>
                <SequencePoint vc="0" uspid="11" ordinal="0" offset="0" sl="50" sc="43" el="50" ec="44" bec="0" bev="0" fileid="2" />
                <SequencePoint vc="0" uspid="12" ordinal="1" offset="1" sl="51" sc="13" el="51" ec="32" bec="2" bev="0" fileid="2" />
                <SequencePoint vc="0" uspid="13" ordinal="2" offset="11" sl="51" sc="33" el="51" ec="34" bec="0" bev="0" fileid="2" />
                <SequencePoint vc="0" uspid="14" ordinal="3" offset="12" sl="52" sc="17" el="52" ec="24" bec="0" bev="0" fileid="2" />
                <SequencePoint vc="0" uspid="15" ordinal="4" offset="14" sl="54" sc="13" el="54" ec="35" bec="0" bev="0" fileid="2" />
                <SequencePoint vc="0" uspid="16" ordinal="5" offset="21" sl="55" sc="13" el="55" ec="129" bec="0" bev="0" fileid="2" />
                <SequencePoint vc="0" uspid="17" ordinal="6" offset="33" sl="1" sc="13" el="1" ec="77" bec="0" bev="0" fileid="3" />
              </SequencePoints>
              <BranchPoints>
                <BranchPoint vc="0" uspid="18" ordinal="0" offset="9" sl="51" path="0" offsetend="11" fileid="2" />
                <BranchPoint vc="0" uspid="19" ordinal="1" offset="9" sl="51" path="1" offsetend="14" fileid="2" />
              </BranchPoints>
              <MethodPoint xsi:type="SequencePoint" vc="0" uspid="11" ordinal="0" offset="0" sl="50" sc="43" el="50" ec="44" bec="0" bev="0" fileid="2" />
            </Method>
            <Method visited="false" cyclomaticComplexity="1" nPathComplexity="0" sequenceCoverage="0" branchCoverage="0" crapScore="2" isConstructor="false" isStatic="true" isGetter="false" isSetter="false">
              <Summary numSequencePoints="0" visitedSequencePoints="0" numBranchPoints="0" visitedBranchPoints="0" sequenceCoverage="0" branchCoverage="0" maxCyclomaticComplexity="1" minCyclomaticComplexity="1" maxCrapScore="2" minCrapScore="2" visitedClasses="0" numClasses="0" visitedMethods="0" numMethods="0" />
              <MetadataToken>100663302</MetadataToken>
              <Name>System.Void VsLocalizedIntellisense.App::Main()</Name>
              <SequencePoints />
              <BranchPoints />
              <MethodPoint vc="0" uspid="20" ordinal="0" offset="0" />
            </Method>
            <Method visited="false" cyclomaticComplexity="1" nPathComplexity="0" sequenceCoverage="0" branchCoverage="0" crapScore="2" isConstructor="true" isStatic="false" isGetter="false" isSetter="false">
              <Summary numSequencePoints="0" visitedSequencePoints="0" numBranchPoints="0" visitedBranchPoints="0" sequenceCoverage="0" branchCoverage="0" maxCyclomaticComplexity="1" minCyclomaticComplexity="1" maxCrapScore="2" minCrapScore="2" visitedClasses="0" numClasses="0" visitedMethods="0" numMethods="0" />
              <MetadataToken>100663303</MetadataToken>
              <Name>System.Void VsLocalizedIntellisense.App::.ctor()</Name>
              <SequencePoints />
              <BranchPoints />
              <MethodPoint vc="0" uspid="21" ordinal="0" offset="0" />
            </Method>
            <Method visited="false" cyclomaticComplexity="1" nPathComplexity="0" sequenceCoverage="0" branchCoverage="0" crapScore="2" isConstructor="false" isStatic="false" isGetter="false" isSetter="false">
              <Summary numSequencePoints="0" visitedSequencePoints="0" numBranchPoints="0" visitedBranchPoints="0" sequenceCoverage="0" branchCoverage="0" maxCyclomaticComplexity="1" minCyclomaticComplexity="1" maxCrapScore="2" minCrapScore="2" visitedClasses="0" numClasses="0" visitedMethods="0" numMethods="0" />
              <MetadataToken>100663304</MetadataToken>
              <Name>System.Void VsLocalizedIntellisense.App::&lt;&gt;n__0(System.Windows.StartupEventArgs)</Name>
              <SequencePoints />
              <BranchPoints />
              <MethodPoint vc="0" uspid="22" ordinal="0" offset="0" />
            </Method>
          </Methods>
        </Class>
        <Class>
          <Summary numSequencePoints="14" visitedSequencePoints="0" numBranchPoints="1" visitedBranchPoints="0" sequenceCoverage="0" branchCoverage="0" maxCyclomaticComplexity="3" minCyclomaticComplexity="1" maxCrapScore="12" minCrapScore="2" visitedClasses="0" numClasses="1" visitedMethods="0" numMethods="1" />
          <FullName>VsLocalizedIntellisense.App/&lt;OnStartup&gt;d__4</FullName>
          <Methods>
            <Method visited="false" cyclomaticComplexity="1" nPathComplexity="0" sequenceCoverage="0" branchCoverage="0" crapScore="2" isConstructor="true" isStatic="false" isGetter="false" isSetter="false">
              <Summary numSequencePoints="0" visitedSequencePoints="0" numBranchPoints="0" visitedBranchPoints="0" sequenceCoverage="0" branchCoverage="0" maxCyclomaticComplexity="1" minCyclomaticComplexity="1" maxCrapScore="2" minCrapScore="2" visitedClasses="0" numClasses="0" visitedMethods="0" numMethods="0" />
              <MetadataToken>100663762</MetadataToken>
              <Name>System.Void VsLocalizedIntellisense.App/&lt;OnStartup&gt;d__4::.ctor()</Name>
              <SequencePoints />
              <BranchPoints />
              <MethodPoint vc="0" uspid="23" ordinal="0" offset="0" />
            </Method>
            <Method visited="false" cyclomaticComplexity="3" nPathComplexity="0" sequenceCoverage="0" branchCoverage="0" crapScore="12" isConstructor="false" isStatic="false" isGetter="false" isSetter="false">
              <Summary numSequencePoints="14" visitedSequencePoints="0" numBranchPoints="1" visitedBranchPoints="0" sequenceCoverage="0" branchCoverage="0" maxCyclomaticComplexity="3" minCyclomaticComplexity="3" maxCrapScore="12" minCrapScore="12" visitedClasses="0" numClasses="0" visitedMethods="0" numMethods="1" />
              <MetadataToken>100663763</MetadataToken>
              <Name>System.Void VsLocalizedIntellisense.App/&lt;OnStartup&gt;d__4::MoveNext()</Name>
              <FileRef uid="1" />
              <SequencePoints>
                <SequencePoint vc="0" uspid="24" ordinal="0" offset="17" sl="33" sc="9" el="33" ec="10" bec="0" bev="0" fileid="1" />
                <SequencePoint vc="0" uspid="25" ordinal="1" offset="18" sl="34" sc="13" el="34" ec="31" bec="0" bev="0" fileid="1" />
                <SequencePoint vc="0" uspid="26" ordinal="2" offset="36" sl="36" sc="13" el="36" ec="116" bec="0" bev="0" fileid="1" />
                <SequencePoint vc="0" uspid="27" ordinal="3" offset="57" sl="38" sc="13" el="38" ec="70" bec="0" bev="0" fileid="1" />
                <SequencePoint vc="0" uspid="28" ordinal="4" offset="74" sl="39" sc="13" el="39" ec="60" bec="0" bev="0" fileid="1" />
                <SequencePoint vc="0" uspid="29" ordinal="5" offset="108" sl="40" sc="13" el="40" ec="44" bec="0" bev="0" fileid="1" />
                <SequencePoint vc="0" uspid="30" ordinal="6" offset="142" sl="44" sc="13" el="44" ec="75" bec="0" bev="0" fileid="1" />
                <SequencePoint vc="0" uspid="31" ordinal="7" offset="159" sl="45" sc="13" el="45" ec="85" bec="0" bev="0" fileid="1" />
                <SequencePoint vc="0" uspid="32" ordinal="8" offset="293" sl="47" sc="13" el="47" ec="118" bec="0" bev="0" fileid="1" />
                <SequencePoint vc="0" uspid="33" ordinal="9" offset="326" sl="49" sc="13" el="49" ec="82" bec="0" bev="0" fileid="1" />
                <SequencePoint vc="0" uspid="34" ordinal="10" offset="348" sl="50" sc="13" el="50" ec="45" bec="0" bev="0" fileid="1" />
                <SequencePoint vc="0" uspid="35" ordinal="11" offset="359" sl="52" sc="13" el="52" ec="35" bec="0" bev="0" fileid="1" />
                <SequencePoint vc="0" uspid="36" ordinal="12" offset="377" sl="53" sc="13" el="53" ec="52" bec="0" bev="0" fileid="1" />
                <SequencePoint vc="0" uspid="37" ordinal="13" offset="400" sl="54" sc="13" el="54" ec="31" bec="0" bev="0" fileid="1" />
              </SequencePoints>
              <BranchPoints />
              <MethodPoint vc="0" uspid="39" ordinal="0" offset="0" />
            </Method>
            <Method visited="false" cyclomaticComplexity="1" nPathComplexity="0" sequenceCoverage="0" branchCoverage="0" crapScore="2" isConstructor="false" isStatic="false" isGetter="false" isSetter="false">
              <Summary numSequencePoints="0" visitedSequencePoints="0" numBranchPoints="0" visitedBranchPoints="0" sequenceCoverage="0" branchCoverage="0" maxCyclomaticComplexity="1" minCyclomaticComplexity="1" maxCrapScore="2" minCrapScore="2" visitedClasses="0" numClasses="0" visitedMethods="0" numMethods="0" />
              <MetadataToken>100663764</MetadataToken>
              <Name>System.Void VsLocalizedIntellisense.App/&lt;OnStartup&gt;d__4::SetStateMachine(System.Runtime.CompilerServices.IAsyncStateMachine)</Name>
              <SequencePoints />
              <BranchPoints />
              <MethodPoint vc="0" uspid="40" ordinal="0" offset="0" />
            </Method>
          </Methods>
        </Class>
        <Class>
          <Summary numSequencePoints="23" visitedSequencePoints="0" numBranchPoints="8" visitedBranchPoints="0" sequenceCoverage="0" branchCoverage="0" maxCyclomaticComplexity="2" minCyclomaticComplexity="1" maxCrapScore="6" minCrapScore="2" visitedClasses="0" numClasses="1" visitedMethods="0" numMethods="6" />
          <FullName>VsLocalizedIntellisense.Properties.Resources</FullName>
          <Methods>
            <Method visited="false" cyclomaticComplexity="2" nPathComplexity="2" sequenceCoverage="0" branchCoverage="0" crapScore="6" isConstructor="false" isStatic="true" isGetter="true" isSetter="false">
              <Summary numSequencePoints="8" visitedSequencePoints="0" numBranchPoints="3" visitedBranchPoints="0" sequenceCoverage="0" branchCoverage="0" maxCyclomaticComplexity="2" minCyclomaticComplexity="2" maxCrapScore="6" minCrapScore="6" visitedClasses="0" numClasses="0" visitedMethods="0" numMethods="1" />
              <MetadataToken>100663306</MetadataToken>
              <Name>System.Resources.ResourceManager VsLocalizedIntellisense.Properties.Resources::get_ResourceManager()</Name>
              <FileRef uid="5" />
              <SequencePoints>
                <SequencePoint vc="0" uspid="41" ordinal="0" offset="0" sl="40" sc="17" el="40" ec="18" bec="0" bev="0" fileid="5" />
                <SequencePoint vc="0" uspid="42" ordinal="1" offset="1" sl="41" sc="17" el="41" ec="63" bec="2" bev="0" fileid="5" />
                <SequencePoint vc="0" uspid="43" ordinal="2" offset="13" sl="41" sc="64" el="41" ec="65" bec="0" bev="0" fileid="5" />
                <SequencePoint vc="0" uspid="44" ordinal="3" offset="14" sl="42" sc="21" el="42" ec="190" bec="0" bev="0" fileid="5" />
                <SequencePoint vc="0" uspid="45" ordinal="4" offset="40" sl="43" sc="21" el="43" ec="40" bec="0" bev="0" fileid="5" />
                <SequencePoint vc="0" uspid="46" ordinal="5" offset="46" sl="44" sc="17" el="44" ec="18" bec="0" bev="0" fileid="5" />
                <SequencePoint vc="0" uspid="47" ordinal="6" offset="47" sl="45" sc="17" el="45" ec="36" bec="0" bev="0" fileid="5" />
                <SequencePoint vc="0" uspid="48" ordinal="7" offset="55" sl="46" sc="13" el="46" ec="14" bec="0" bev="0" fileid="5" />
              </SequencePoints>
              <BranchPoints>
                <BranchPoint vc="0" uspid="49" ordinal="0" offset="11" sl="41" path="0" offsetend="13" fileid="5" />
                <BranchPoint vc="0" uspid="50" ordinal="1" offset="11" sl="41" path="1" offsetend="47" fileid="5" />
              </BranchPoints>
              <MethodPoint xsi:type="SequencePoint" vc="0" uspid="41" ordinal="0" offset="0" sl="40" sc="17" el="40" ec="18" bec="0" bev="0" fileid="5" />
            </Method>
            <Method visited="false" cyclomaticComplexity="1" nPathComplexity="0" sequenceCoverage="0" branchCoverage="0" crapScore="2" isConstructor="false" isStatic="true" isGetter="true" isSetter="false">
              <Summary numSequencePoints="3" visitedSequencePoints="0" numBranchPoints="1" visitedBranchPoints="0" sequenceCoverage="0" branchCoverage="0" maxCyclomaticComplexity="1" minCyclomaticComplexity="1" maxCrapScore="2" minCrapScore="2" visitedClasses="0" numClasses="0" visitedMethods="0" numMethods="1" />
              <MetadataToken>100663307</MetadataToken>
              <Name>System.Globalization.CultureInfo VsLocalizedIntellisense.Properties.Resources::get_Culture()</Name>
              <FileRef uid="5" />
              <SequencePoints>
                <SequencePoint vc="0" uspid="51" ordinal="0" offset="0" sl="55" sc="17" el="55" ec="18" bec="0" bev="0" fileid="5" />
                <SequencePoint vc="0" uspid="52" ordinal="1" offset="1" sl="56" sc="17" el="56" ec="40" bec="0" bev="0" fileid="5" />
                <SequencePoint vc="0" uspid="53" ordinal="2" offset="9" sl="57" sc="13" el="57" ec="14" bec="0" bev="0" fileid="5" />
              </SequencePoints>
              <BranchPoints />
              <MethodPoint xsi:type="SequencePoint" vc="0" uspid="51" ordinal="0" offset="0" sl="55" sc="17" el="55" ec="18" bec="0" bev="0" fileid="5" />
            </Method>
            <Method visited="false" cyclomaticComplexity="1" nPathComplexity="0" sequenceCoverage="0" branchCoverage="0" crapScore="2" isConstructor="false" isStatic="true" isGetter="false" isSetter="true">
              <Summary numSequencePoints="3" visitedSequencePoints="0" numBranchPoints="1" visitedBranchPoints="0" sequenceCoverage="0" branchCoverage="0" maxCyclomaticComplexity="1" minCyclomaticComplexity="1" maxCrapScore="2" minCrapScore="2" visitedClasses="0" numClasses="0" visitedMethods="0" numMethods="1" />
              <MetadataToken>100663308</MetadataToken>
              <Name>System.Void VsLocalizedIntellisense.Properties.Resources::set_Culture(System.Globalization.CultureInfo)</Name>
              <FileRef uid="5" />
              <SequencePoints>
                <SequencePoint vc="0" uspid="54" ordinal="0" offset="0" sl="58" sc="17" el="58" ec="18" bec="0" bev="0" fileid="5" />
                <SequencePoint vc="0" uspid="55" ordinal="1" offset="1" sl="59" sc="17" el="59" ec="41" bec="0" bev="0" fileid="5" />
                <SequencePoint vc="0" uspid="56" ordinal="2" offset="7" sl="60" sc="13" el="60" ec="14" bec="0" bev="0" fileid="5" />
              </SequencePoints>
              <BranchPoints />
              <MethodPoint xsi:type="SequencePoint" vc="0" uspid="54" ordinal="0" offset="0" sl="58" sc="17" el="58" ec="18" bec="0" bev="0" fileid="5" />
            </Method>
            <Method visited="false" cyclomaticComplexity="1" nPathComplexity="0" sequenceCoverage="0" branchCoverage="0" crapScore="2" isConstructor="false" isStatic="true" isGetter="true" isSetter="false">
              <Summary numSequencePoints="3" visitedSequencePoints="0" numBranchPoints="1" visitedBranchPoints="0" sequenceCoverage="0" branchCoverage="0" maxCyclomaticComplexity="1" minCyclomaticComplexity="1" maxCrapScore="2" minCrapScore="2" visitedClasses="0" numClasses="0" visitedMethods="0" numMethods="1" />
              <MetadataToken>100663309</MetadataToken>
              <Name>System.String VsLocalizedIntellisense.Properties.Resources::get_ApplicationName()</Name>
              <FileRef uid="5" />
              <SequencePoints>
                <SequencePoint vc="0" uspid="57" ordinal="0" offset="0" sl="67" sc="17" el="67" ec="18" bec="0" bev="0" fileid="5" />
                <SequencePoint vc="0" uspid="58" ordinal="1" offset="1" sl="68" sc="17" el="68" ec="86" bec="0" bev="0" fileid="5" />
                <SequencePoint vc="0" uspid="59" ordinal="2" offset="24" sl="69" sc="13" el="69" ec="14" bec="0" bev="0" fileid="5" />
              </SequencePoints>
              <BranchPoints />
              <MethodPoint xsi:type="SequencePoint" vc="0" uspid="57" ordinal="0" offset="0" sl="67" sc="17" el="67" ec="18" bec="0" bev="0" fileid="5" />
            </Method>
            <Method visited="false" cyclomaticComplexity="1" nPathComplexity="0" sequenceCoverage="0" branchCoverage="0" crapScore="2" isConstructor="false" isStatic="true" isGetter="true" isSetter="false">
              <Summary numSequencePoints="3" visitedSequencePoints="0" numBranchPoints="1" visitedBranchPoints="0" sequenceCoverage="0" branchCoverage="0" maxCyclomaticComplexity="1" minCyclomaticComplexity="1" maxCrapScore="2" minCrapScore="2" visitedClasses="0" numClasses="0" visitedMethods="0" numMethods="1" />
              <MetadataToken>100663310</MetadataToken>
              <Name>System.String VsLocalizedIntellisense.Properties.Resources::get_UI_Validation_Required()</Name>
              <FileRef uid="5" />
              <SequencePoints>
                <SequencePoint vc="0" uspid="60" ordinal="0" offset="0" sl="76" sc="17" el="76" ec="18" bec="0" bev="0" fileid="5" />
                <SequencePoint vc="0" uspid="61" ordinal="1" offset="1" sl="77" sc="17" el="77" ec="93" bec="0" bev="0" fileid="5" />
                <SequencePoint vc="0" uspid="62" ordinal="2" offset="24" sl="78" sc="13" el="78" ec="14" bec="0" bev="0" fileid="5" />
              </SequencePoints>
              <BranchPoints />
              <MethodPoint xsi:type="SequencePoint" vc="0" uspid="60" ordinal="0" offset="0" sl="76" sc="17" el="76" ec="18" bec="0" bev="0" fileid="5" />
            </Method>
            <Method visited="false" cyclomaticComplexity="1" nPathComplexity="0" sequenceCoverage="0" branchCoverage="0" crapScore="2" isConstructor="true" isStatic="false" isGetter="false" isSetter="false">
              <Summary numSequencePoints="3" visitedSequencePoints="0" numBranchPoints="1" visitedBranchPoints="0" sequenceCoverage="0" branchCoverage="0" maxCyclomaticComplexity="1" minCyclomaticComplexity="1" maxCrapScore="2" minCrapScore="2" visitedClasses="0" numClasses="0" visitedMethods="0" numMethods="1" />
              <MetadataToken>100663305</MetadataToken>
              <Name>System.Void VsLocalizedIntellisense.Properties.Resources::.ctor()</Name>
              <FileRef uid="5" />
              <SequencePoints>
                <SequencePoint vc="0" uspid="63" ordinal="0" offset="0" sl="32" sc="9" el="32" ec="29" bec="0" bev="0" fileid="5" />
                <SequencePoint vc="0" uspid="64" ordinal="1" offset="7" sl="32" sc="30" el="32" ec="31" bec="0" bev="0" fileid="5" />
                <SequencePoint vc="0" uspid="65" ordinal="2" offset="8" sl="33" sc="9" el="33" ec="10" bec="0" bev="0" fileid="5" />
              </SequencePoints>
              <BranchPoints />
              <MethodPoint xsi:type="SequencePoint" vc="0" uspid="63" ordinal="0" offset="0" sl="32" sc="9" el="32" ec="29" bec="0" bev="0" fileid="5" />
            </Method>
          </Methods>
        </Class>
        <Class>
          <Summary numSequencePoints="21" visitedSequencePoints="0" numBranchPoints="8" visitedBranchPoints="0" sequenceCoverage="0" branchCoverage="0" maxCyclomaticComplexity="2" minCyclomaticComplexity="1" maxCrapScore="6" minCrapScore="2" visitedClasses="0" numClasses="1" visitedMethods="0" numMethods="6" />
          <FullName>VsLocalizedIntellisense.Views.MainWindow</FullName>
          <Methods>
            <Method visited="false" cyclomaticComplexity="1" nPathComplexity="0" sequenceCoverage="0" branchCoverage="0" crapScore="2" isConstructor="false" isStatic="false" isGetter="true" isSetter="false">
              <Summary numSequencePoints="1" visitedSequencePoints="0" numBranchPoints="1" visitedBranchPoints="0" sequenceCoverage="0" branchCoverage="0" maxCyclomaticComplexity="1" minCyclomaticComplexity="1" maxCrapScore="2" minCrapScore="2" visitedClasses="0" numClasses="0" visitedMethods="0" numMethods="1" />
              <MetadataToken>100663312</MetadataToken>
              <Name>VsLocalizedIntellisense.Models.Mvvm.Message.ViewMessenger`1&lt;System.Windows.Window&gt; VsLocalizedIntellisense.Views.MainWindow::get_Messenger()</Name>
              <FileRef uid="6" />
              <SequencePoints>
                <SequencePoint vc="0" uspid="66" ordinal="0" offset="0" sl="42" sc="51" el="42" ec="55" bec="0" bev="0" fileid="6" />
              </SequencePoints>
              <BranchPoints />
              <MethodPoint xsi:type="SequencePoint" vc="0" uspid="66" ordinal="0" offset="0" sl="42" sc="51" el="42" ec="55" bec="0" bev="0" fileid="6" />
            </Method>
            <Method visited="false" cyclomaticComplexity="1" nPathComplexity="0" sequenceCoverage="0" branchCoverage="0" crapScore="2" isConstructor="false" isStatic="false" isGetter="false" isSetter="true">
              <Summary numSequencePoints="1" visitedSequencePoints="0" numBranchPoints="1" visitedBranchPoints="0" sequenceCoverage="0" branchCoverage="0" maxCyclomaticComplexity="1" minCyclomaticComplexity="1" maxCrapScore="2" minCrapScore="2" visitedClasses="0" numClasses="0" visitedMethods="0" numMethods="1" />
              <MetadataToken>100663313</MetadataToken>
              <Name>System.Void VsLocalizedIntellisense.Views.MainWindow::set_Messenger(VsLocalizedIntellisense.Models.Mvvm.Message.ViewMessenger`1&lt;System.Windows.Window&gt;)</Name>
              <FileRef uid="6" />
              <SequencePoints>
                <SequencePoint vc="0" uspid="67" ordinal="0" offset="0" sl="42" sc="56" el="42" ec="60" bec="0" bev="0" fileid="6" />
              </SequencePoints>
              <BranchPoints />
              <MethodPoint xsi:type="SequencePoint" vc="0" uspid="67" ordinal="0" offset="0" sl="42" sc="56" el="42" ec="60" bec="0" bev="0" fileid="6" />
            </Method>
            <Method visited="false" cyclomaticComplexity="1" nPathComplexity="0" sequenceCoverage="0" branchCoverage="0" crapScore="2" isConstructor="true" isStatic="false" isGetter="false" isSetter="false">
              <Summary numSequencePoints="5" visitedSequencePoints="0" numBranchPoints="1" visitedBranchPoints="0" sequenceCoverage="0" branchCoverage="0" maxCyclomaticComplexity="1" minCyclomaticComplexity="1" maxCrapScore="2" minCrapScore="2" visitedClasses="0" numClasses="0" visitedMethods="0" numMethods="1" />
              <MetadataToken>100663311</MetadataToken>
              <Name>System.Void VsLocalizedIntellisense.Views.MainWindow::.ctor()</Name>
              <FileRef uid="6" />
              <SequencePoints>
                <SequencePoint vc="0" uspid="68" ordinal="0" offset="0" sl="26" sc="9" el="26" ec="28" bec="0" bev="0" fileid="6" />
                <SequencePoint vc="0" uspid="69" ordinal="1" offset="7" sl="27" sc="9" el="27" ec="10" bec="0" bev="0" fileid="6" />
                <SequencePoint vc="0" uspid="70" ordinal="2" offset="8" sl="28" sc="13" el="28" ec="35" bec="0" bev="0" fileid="6" />
                <SequencePoint vc="0" uspid="71" ordinal="3" offset="15" sl="30" sc="13" el="37" ec="16" bec="0" bev="0" fileid="6" />
                <SequencePoint vc="0" uspid="72" ordinal="4" offset="40" sl="38" sc="9" el="38" ec="10" bec="0" bev="0" fileid="6" />
              </SequencePoints>
              <BranchPoints />
              <MethodPoint xsi:type="SequencePoint" vc="0" uspid="68" ordinal="0" offset="0" sl="26" sc="9" el="26" ec="28" bec="0" bev="0" fileid="6" />
            </Method>
            <Method visited="false" cyclomaticComplexity="2" nPathComplexity="2" sequenceCoverage="0" branchCoverage="0" crapScore="6" isConstructor="false" isStatic="false" isGetter="false" isSetter="false">
              <Summary numSequencePoints="7" visitedSequencePoints="0" numBranchPoints="3" visitedBranchPoints="0" sequenceCoverage="0" branchCoverage="0" maxCyclomaticComplexity="2" minCyclomaticComplexity="2" maxCrapScore="6" minCrapScore="6" visitedClasses="0" numClasses="0" visitedMethods="0" numMethods="1" />
              <MetadataToken>100663314</MetadataToken>
              <Name>System.Void VsLocalizedIntellisense.Views.MainWindow::InitializeComponent()</Name>
              <FileRef uid="7" />
              <SequencePoints>
                <SequencePoint vc="0" uspid="73" ordinal="0" offset="0" sl="51" sc="43" el="51" ec="44" bec="0" bev="0" fileid="7" />
                <SequencePoint vc="0" uspid="74" ordinal="1" offset="1" sl="52" sc="13" el="52" ec="32" bec="2" bev="0" fileid="7" />
                <SequencePoint vc="0" uspid="75" ordinal="2" offset="11" sl="52" sc="33" el="52" ec="34" bec="0" bev="0" fileid="7" />
                <SequencePoint vc="0" uspid="76" ordinal="3" offset="12" sl="53" sc="17" el="53" ec="24" bec="0" bev="0" fileid="7" />
                <SequencePoint vc="0" uspid="77" ordinal="4" offset="14" sl="55" sc="13" el="55" ec="35" bec="0" bev="0" fileid="7" />
                <SequencePoint vc="0" uspid="78" ordinal="5" offset="21" sl="56" sc="13" el="56" ec="142" bec="0" bev="0" fileid="7" />
                <SequencePoint vc="0" uspid="79" ordinal="6" offset="33" sl="1" sc="13" el="1" ec="77" bec="0" bev="0" fileid="8" />
              </SequencePoints>
              <BranchPoints>
                <BranchPoint vc="0" uspid="80" ordinal="0" offset="9" sl="52" path="0" offsetend="11" fileid="7" />
                <BranchPoint vc="0" uspid="81" ordinal="1" offset="9" sl="52" path="1" offsetend="14" fileid="7" />
              </BranchPoints>
              <MethodPoint xsi:type="SequencePoint" vc="0" uspid="73" ordinal="0" offset="0" sl="51" sc="43" el="51" ec="44" bec="0" bev="0" fileid="7" />
            </Method>
            <Method visited="false" cyclomaticComplexity="1" nPathComplexity="0" sequenceCoverage="0" branchCoverage="0" crapScore="2" isConstructor="false" isStatic="false" isGetter="false" isSetter="false">
              <Summary numSequencePoints="0" visitedSequencePoints="0" numBranchPoints="0" visitedBranchPoints="0" sequenceCoverage="0" branchCoverage="0" maxCyclomaticComplexity="1" minCyclomaticComplexity="1" maxCrapScore="2" minCrapScore="2" visitedClasses="0" numClasses="0" visitedMethods="0" numMethods="0" />
              <MetadataToken>100663315</MetadataToken>
              <Name>System.Void VsLocalizedIntellisense.Views.MainWindow::System.Windows.Markup.IComponentConnector.Connect(System.Int32,System.Object)</Name>
              <SequencePoints />
              <BranchPoints />
              <MethodPoint vc="0" uspid="82" ordinal="0" offset="0" />
            </Method>
            <Method visited="false" cyclomaticComplexity="1" nPathComplexity="0" sequenceCoverage="0" branchCoverage="0" crapScore="2" isConstructor="false" isStatic="false" isGetter="false" isSetter="false">
              <Summary numSequencePoints="3" visitedSequencePoints="0" numBranchPoints="1" visitedBranchPoints="0" sequenceCoverage="0" branchCoverage="0" maxCyclomaticComplexity="1" minCyclomaticComplexity="1" maxCrapScore="2" minCrapScore="2" visitedClasses="0" numClasses="0" visitedMethods="0" numMethods="1" />
              <MetadataToken>100663316</MetadataToken>
              <Name>System.Void VsLocalizedIntellisense.Views.MainWindow::&lt;.ctor&gt;b__0_0(VsLocalizedIntellisense.Models.Mvvm.Message.IReceivableMessenger)</Name>
              <FileRef uid="6" />
              <SequencePoints>
                <SequencePoint vc="0" uspid="83" ordinal="0" offset="0" sl="31" sc="13" el="31" ec="14" bec="0" bev="0" fileid="6" />
                <SequencePoint vc="0" uspid="84" ordinal="1" offset="1" sl="32" sc="17" el="36" ec="20" bec="0" bev="0" fileid="6" />
                <SequencePoint vc="0" uspid="85" ordinal="2" offset="25" sl="37" sc="13" el="37" ec="14" bec="0" bev="0" fileid="6" />
              </SequencePoints>
              <BranchPoints />
              <MethodPoint xsi:type="SequencePoint" vc="0" uspid="83" ordinal="0" offset="0" sl="31" sc="13" el="31" ec="14" bec="0" bev="0" fileid="6" />
            </Method>
            <Method visited="false" cyclomaticComplexity="1" nPathComplexity="0" sequenceCoverage="0" branchCoverage="0" crapScore="2" isConstructor="false" isStatic="false" isGetter="false" isSetter="false">
              <Summary numSequencePoints="4" visitedSequencePoints="0" numBranchPoints="1" visitedBranchPoints="0" sequenceCoverage="0" branchCoverage="0" maxCyclomaticComplexity="1" minCyclomaticComplexity="1" maxCrapScore="2" minCrapScore="2" visitedClasses="0" numClasses="0" visitedMethods="0" numMethods="1" />
              <MetadataToken>100663317</MetadataToken>
              <Name>System.Void VsLocalizedIntellisense.Views.MainWindow::&lt;.ctor&gt;b__0_1(VsLocalizedIntellisense.ViewModels.Message.OpenFileDialogMessage)</Name>
              <FileRef uid="6" />
              <SequencePoints>
                <SequencePoint vc="0" uspid="86" ordinal="0" offset="0" sl="33" sc="17" el="33" ec="18" bec="0" bev="0" fileid="6" />
                <SequencePoint vc="0" uspid="87" ordinal="1" offset="1" sl="34" sc="21" el="34" ec="53" bec="0" bev="0" fileid="6" />
                <SequencePoint vc="0" uspid="88" ordinal="2" offset="9" sl="35" sc="21" el="35" ec="45" bec="0" bev="0" fileid="6" />
                <SequencePoint vc="0" uspid="89" ordinal="3" offset="17" sl="36" sc="17" el="36" ec="18" bec="0" bev="0" fileid="6" />
              </SequencePoints>
              <BranchPoints />
              <MethodPoint xsi:type="SequencePoint" vc="0" uspid="86" ordinal="0" offset="0" sl="33" sc="17" el="33" ec="18" bec="0" bev="0" fileid="6" />
            </Method>
          </Methods>
        </Class>
        <Class>
          <Summary numSequencePoints="15" visitedSequencePoints="0" numBranchPoints="7" visitedBranchPoints="0" sequenceCoverage="0" branchCoverage="0" maxCyclomaticComplexity="1" minCyclomaticComplexity="1" maxCrapScore="2" minCrapScore="2" visitedClasses="0" numClasses="1" visitedMethods="0" numMethods="7" />
          <FullName>VsLocalizedIntellisense.ViewModels.IntellisenseDirectoryViewModel</FullName>
          <Methods>
            <Method visited="false" cyclomaticComplexity="1" nPathComplexity="0" sequenceCoverage="0" branchCoverage="0" crapScore="2" isConstructor="false" isStatic="false" isGetter="true" isSetter="false">
              <Summary numSequencePoints="1" visitedSequencePoints="0" numBranchPoints="1" visitedBranchPoints="0" sequenceCoverage="0" branchCoverage="0" maxCyclomaticComplexity="1" minCyclomaticComplexity="1" maxCrapScore="2" minCrapScore="2" visitedClasses="0" numClasses="0" visitedMethods="0" numMethods="1" />
              <MetadataToken>100663319</MetadataToken>
              <Name>System.String VsLocalizedIntellisense.ViewModels.IntellisenseDirectoryViewModel::get_DirectoryName()</Name>
              <FileRef uid="9" />
              <SequencePoints>
                <SequencePoint vc="0" uspid="90" ordinal="0" offset="0" sl="30" sc="40" el="30" ec="60" bec="0" bev="0" fileid="9" />
              </SequencePoints>
              <BranchPoints />
              <MethodPoint xsi:type="SequencePoint" vc="0" uspid="90" ordinal="0" offset="0" sl="30" sc="40" el="30" ec="60" bec="0" bev="0" fileid="9" />
            </Method>
            <Method visited="false" cyclomaticComplexity="1" nPathComplexity="0" sequenceCoverage="0" branchCoverage="0" crapScore="2" isConstructor="false" isStatic="false" isGetter="true" isSetter="false">
              <Summary numSequencePoints="1" visitedSequencePoints="0" numBranchPoints="1" visitedBranchPoints="0" sequenceCoverage="0" branchCoverage="0" maxCyclomaticComplexity="1" minCyclomaticComplexity="1" maxCrapScore="2" minCrapScore="2" visitedClasses="0" numClasses="0" visitedMethods="0" numMethods="1" />
              <MetadataToken>100663320</MetadataToken>
              <Name>VsLocalizedIntellisense.Models.Mvvm.Binding.Collection.ModelViewModelObservableCollectionManager`2&lt;VsLocalizedIntellisense.Models.Element.IntellisenseVersionElement,VsLocalizedIntellisense.ViewModels.IntellisenseVersionViewModel&gt; VsLocalizedIntellisense.ViewModels.IntellisenseDirectoryViewModel::get_VersionCollection()</Name>
              <FileRef uid="9" />
              <SequencePoints>
                <SequencePoint vc="0" uspid="91" ordinal="0" offset="0" sl="32" sc="137" el="32" ec="141" bec="0" bev="0" fileid="9" />
              </SequencePoints>
              <BranchPoints />
              <MethodPoint xsi:type="SequencePoint" vc="0" uspid="91" ordinal="0" offset="0" sl="32" sc="137" el="32" ec="141" bec="0" bev="0" fileid="9" />
            </Method>
            <Method visited="false" cyclomaticComplexity="1" nPathComplexity="0" sequenceCoverage="0" branchCoverage="0" crapScore="2" isConstructor="false" isStatic="false" isGetter="true" isSetter="false">
              <Summary numSequencePoints="1" visitedSequencePoints="0" numBranchPoints="1" visitedBranchPoints="0" sequenceCoverage="0" branchCoverage="0" maxCyclomaticComplexity="1" minCyclomaticComplexity="1" maxCrapScore="2" minCrapScore="2" visitedClasses="0" numClasses="0" visitedMethods="0" numMethods="1" />
              <MetadataToken>100663321</MetadataToken>
              <Name>System.ComponentModel.ICollectionView VsLocalizedIntellisense.ViewModels.IntellisenseDirectoryViewModel::get_VersionItems()</Name>
              <FileRef uid="9" />
              <SequencePoints>
                <SequencePoint vc="0" uspid="92" ordinal="0" offset="0" sl="33" sc="48" el="33" ec="82" bec="0" bev="0" fileid="9" />
              </SequencePoints>
              <BranchPoints />
              <MethodPoint xsi:type="SequencePoint" vc="0" uspid="92" ordinal="0" offset="0" sl="33" sc="48" el="33" ec="82" bec="0" bev="0" fileid="9" />
            </Method>
            <Method visited="false" cyclomaticComplexity="1" nPathComplexity="0" sequenceCoverage="0" branchCoverage="0" crapScore="2" isConstructor="false" isStatic="false" isGetter="true" isSetter="false">
[...]
            </Method>
          </Methods>
        </Class>
      </Classes>
    </Module>
    <Module skippedDueTo="Filter" hash="50-2A-0A-BC-D5-77-27-9D-E7-11-79-4A-56-80-F1-74-5D-C0-44-AD">
      <ModulePath>C:\WINDOWS\Microsoft.Net\assembly\GAC_MSIL\PresentationFramework\v4.0_4.0.0.0__31bf3856ad364e35\PresentationFramework.dll</ModulePath>
      <ModuleTime>2023-12-16T02:37:08.7587877Z</ModuleTime>
      <ModuleName>PresentationFramework</ModuleName>
      <Classes />
    </Module>
    <Module skippedDueTo="Filter" hash="AC-B4-CE-DB-C3-E9-94-60-04-7E-08-59-BE-58-69-DC-A6-58-62-C9">
      <ModulePath>C:\WINDOWS\Microsoft.Net\assembly\GAC_64\PresentationCore\v4.0_4.0.0.0__31bf3856ad364e35\PresentationCore.dll</ModulePath>
      <ModuleTime>2023-12-16T02:51:47.8576898Z</ModuleTime>
      <ModuleName>PresentationCore</ModuleName>
      <Classes />
    </Module>
    <Module skippedDueTo="Filter" hash="71-BD-C6-E6-0D-7D-A7-E6-18-7D-81-C9-B2-2D-96-B9-5A-0D-4D-15">
      <ModulePath>C:\WINDOWS\Microsoft.Net\assembly\GAC_MSIL\WindowsBase\v4.0_4.0.0.0__31bf3856ad364e35\WindowsBase.dll</ModulePath>
      <ModuleTime>2023-12-16T02:37:08.7744166Z</ModuleTime>
      <ModuleName>WindowsBase</ModuleName>
      <Classes />
    </Module>
    <Module skippedDueTo="Filter" hash="FA-DF-7E-16-DA-9D-D9-12-8B-A6-85-52-27-F6-A7-5B-B1-8D-3D-8E">
      <ModulePath>C:\WINDOWS\Microsoft.Net\assembly\GAC_MSIL\System.Xaml\v4.0_4.0.0.0__b77a5c561934e089\System.Xaml.dll</ModulePath>
      <ModuleTime>2023-12-16T02:37:08.836925Z</ModuleTime>
      <ModuleName>System.Xaml</ModuleName>
      <Classes />
    </Module>
    <Module skippedDueTo="Filter" hash="CF-D8-FC-A9-EC-14-F3-9C-5A-65-F2-D3-6E-4B-A9-57-46-08-19-8B">
      <ModulePath>D:\sk\programming\vs-localized-intellisense\src\VsLocalizedIntellisense.App\VsLocalizedIntellisense.Test\bin\Debug\Microsoft.VisualStudio.TestPlatform.TestFramework.Extensions.dll</ModulePath>
      <ModuleTime>2024-02-22T12:21:48Z</ModuleTime>
      <ModuleName>Microsoft.VisualStudio.TestPlatform.TestFramework.Extensions</ModuleName>
      <Classes />
    </Module>
    <Module skippedDueTo="Filter" hash="4C-69-DB-D4-E6-3F-7C-B7-00-9B-DD-48-78-7B-18-3D-14-94-A2-9B">
      <ModulePath>D:\sk\programming\vs-localized-intellisense\src\VsLocalizedIntellisense.App\VsLocalizedIntellisense.Test\bin\Debug\Microsoft.VisualStudio.TestPlatform.ObjectModel.dll</ModulePath>
      <ModuleTime>2023-02-21T08:09:58Z</ModuleTime>
      <ModuleName>Microsoft.VisualStudio.TestPlatform.ObjectModel</ModuleName>
      <Classes />
    </Module>
    <Module skippedDueTo="Filter" hash="AB-78-C8-9A-F1-E7-AC-39-16-27-B1-48-F8-D7-EF-EA-FB-39-DD-9C">
      <ModulePath>D:\sk\programming\vs-localized-intellisense\src\VsLocalizedIntellisense.App\VsLocalizedIntellisense.Test\bin\Debug\Microsoft.TestPlatform.CoreUtilities.dll</ModulePath>
      <ModuleTime>2023-02-21T08:09:36Z</ModuleTime>
      <ModuleName>Microsoft.TestPlatform.CoreUtilities</ModuleName>
      <Classes />
    </Module>
    <Module skippedDueTo="Filter" hash="F3-03-81-53-F6-0D-0E-9F-6F-60-1A-D1-9B-E4-52-42-24-22-D2-99">
      <ModulePath>D:\sk\programming\vs-localized-intellisense\src\VsLocalizedIntellisense.App\VsLocalizedIntellisense.Test\bin\Debug\Microsoft.TestPlatform.PlatformAbstractions.dll</ModulePath>
      <ModuleTime>2023-02-21T08:09:36Z</ModuleTime>
      <ModuleName>Microsoft.TestPlatform.PlatformAbstractions</ModuleName>
      <Classes />
    </Module>
    <Module skippedDueTo="Filter" hash="24-4A-13-3C-A8-26-D4-0B-1B-B7-23-C4-2C-22-6E-5F-EB-DB-DB-FD">
      <ModulePath>D:\sk\programming\vs-localized-intellisense\src\VsLocalizedIntellisense.App\VsLocalizedIntellisense.Test\bin\Debug\Microsoft.TestPlatform.AdapterUtilities.dll</ModulePath>
      <ModuleTime>2023-11-08T10:32:08Z</ModuleTime>
      <ModuleName>Microsoft.TestPlatform.AdapterUtilities</ModuleName>
      <Classes />
    </Module>
    <Module skippedDueTo="Filter" hash="17-06-AB-AC-30-26-C4-E4-2A-05-FE-79-8F-16-43-E4-27-79-B7-67">
      <ModulePath>C:\WINDOWS\Microsoft.Net\assembly\GAC_MSIL\System.Runtime.Serialization\v4.0_4.0.0.0__b77a5c561934e089\System.Runtime.Serialization.dll</ModulePath>
      <ModuleTime>2022-05-07T05:20:28.4572191Z</ModuleTime>
      <ModuleName>System.Runtime.Serialization</ModuleName>
      <Classes />
    </Module>
    <Module skippedDueTo="Filter" hash="23-7A-13-0A-A1-2F-E1-0B-90-79-E1-C7-29-98-B0-26-F8-75-9D-19">
      <ModulePath>D:\sk\programming\vs-localized-intellisense\src\VsLocalizedIntellisense.App\VsLocalizedIntellisense.Test\bin\Debug\ja\Microsoft.VisualStudio.TestPlatform.TestFramework.resources.dll</ModulePath>
      <ModuleTime>2024-02-22T12:21:34Z</ModuleTime>
      <ModuleName>Microsoft.VisualStudio.TestPlatform.TestFramework.resources</ModuleName>
      <Classes />
    </Module>
    <Module skippedDueTo="Filter" hash="B2-9D-CA-82-4B-D0-FB-B1-B4-5B-58-FA-93-C8-A2-E9-AF-97-AC-91">
      <ModulePath>C:\WINDOWS\Microsoft.Net\assembly\GAC_MSIL\SMDiagnostics\v4.0_4.0.0.0__b77a5c561934e089\SMDiagnostics.dll</ModulePath>
      <ModuleTime>2022-05-07T05:20:29.3791631Z</ModuleTime>
      <ModuleName>SMDiagnostics</ModuleName>
      <Classes />
    </Module>
    <Module skippedDueTo="Filter" hash="B7-03-F6-1B-7A-B9-5E-59-D5-6B-A5-1B-18-C7-42-22-46-0C-68-EB">
      <ModulePath>C:\WINDOWS\Microsoft.Net\assembly\GAC_MSIL\System.ServiceModel.Internals\v4.0_4.0.0.0__31bf3856ad364e35\System.ServiceModel.Internals.dll</ModulePath>
      <ModuleTime>2022-05-07T05:20:27.9103215Z</ModuleTime>
      <ModuleName>System.ServiceModel.Internals</ModuleName>
      <Classes />
    </Module>
    <Module skippedDueTo="Filter" hash="82-83-85-39-22-C8-14-EC-11-B0-EE-A0-0E-61-F2-5A-18-B3-00-5C">
      <ModulePath>C:\WINDOWS\Microsoft.Net\assembly\GAC_MSIL\System.Runtime.Serialization.resources\v4.0_4.0.0.0_ja_b77a5c561934e089\System.Runtime.Serialization.resources.dll</ModulePath>
      <ModuleTime>2022-05-07T10:13:43.4522643Z</ModuleTime>
      <ModuleName>System.RunTime.Serialization.resources</ModuleName>
      <Classes />
    </Module>
    <Module skippedDueTo="Filter" hash="80-92-CF-72-E9-61-1F-61-C9-19-7C-C5-79-5D-F1-35-7F-33-3F-97">
      <ModulePath>D:\sk\programming\vs-localized-intellisense\src\VsLocalizedIntellisense.App\VsLocalizedIntellisense.Test\bin\Debug\ja\Microsoft.VisualStudio.TestPlatform.MSTest.TestAdapter.resources.dll</ModulePath>
      <ModuleTime>2024-02-22T12:22:42Z</ModuleTime>
      <ModuleName>Microsoft.VisualStudio.TestPlatform.MSTest.TestAdapter.resources</ModuleName>
      <Classes />
    </Module>
    <Module skippedDueTo="Filter" hash="CC-86-38-C8-C5-E9-4A-33-23-29-EE-8E-8D-84-2E-E8-D3-05-84-0E">
      <ModulePath>C:\WINDOWS\Microsoft.Net\assembly\GAC_MSIL\mscorlib.resources\v4.0_4.0.0.0_ja_b77a5c561934e089\mscorlib.resources.dll</ModulePath>
      <ModuleTime>2022-05-07T10:13:43.546006Z</ModuleTime>
      <ModuleName>mscorlib.resources</ModuleName>
      <Classes />
    </Module>
    <Module skippedDueTo="Filter" hash="97-F7-F2-DB-F6-15-14-42-02-D1-6A-59-0A-E4-BB-09-7D-17-AD-5E">
      <ModulePath>C:\Program Files\Microsoft Visual Studio\2022\Community\Common7\IDE\Extensions\TestPlatform\ja\Microsoft.VisualStudio.TestPlatform.ObjectModel.resources.dll</ModulePath>
      <ModuleTime>2023-11-15T07:59:49.3417591Z</ModuleTime>
      <ModuleName>Microsoft.VisualStudio.TestPlatform.ObjectModel.resources</ModuleName>
      <Classes />
    </Module>
    <Module skippedDueTo="Filter" hash="BE-07-AE-DB-A4-BB-5B-C0-02-DD-11-94-51-3F-93-24-C0-44-E4-FE">
      <ModulePath>C:\Program Files\Microsoft Visual Studio\2022\Community\Common7\IDE\Extensions\TestPlatform\Microsoft.TestPlatform.AdapterUtilities.dll</ModulePath>
      <ModuleTime>2023-11-15T07:59:49.3733949Z</ModuleTime>
      <ModuleName>Microsoft.TestPlatform.AdapterUtilities</ModuleName>
      <Classes />
    </Module>
    <Module skippedDueTo="Filter" hash="F6-66-7F-BD-C1-AE-5D-67-96-87-BF-BF-8A-35-BD-20-44-1A-F9-ED">
      <ModulePath>D:\sk\programming\vs-localized-intellisense\src\VsLocalizedIntellisense.App\VsLocalizedIntellisense.Test\bin\Debug\ja\Microsoft.VisualStudio.TestPlatform.MSTestAdapter.PlatformServices.resources.dll</ModulePath>
      <ModuleTime>2024-02-22T12:22:34Z</ModuleTime>
      <ModuleName>Microsoft.VisualStudio.TestPlatform.MSTestAdapter.PlatformServices.resources</ModuleName>
      <Classes />
    </Module>
    <Module skippedDueTo="Filter" hash="19-30-0D-03-8A-56-6C-95-B8-A4-1D-9B-8C-60-17-FA-65-43-92-89">
      <ModulePath>C:\Program Files\Microsoft Visual Studio\2022\Community\Common7\IDE\Extensions\TestPlatform\Microsoft.TestPlatform.PlatformAbstractions.dll</ModulePath>
      <ModuleTime>2023-11-15T07:59:49.3890261Z</ModuleTime>
      <ModuleName>Microsoft.TestPlatform.PlatformAbstractions</ModuleName>
      <Classes />
    </Module>
    <Module skippedDueTo="Filter" hash="EA-02-D1-4E-FD-6A-34-C1-91-92-3E-32-7C-09-6B-B4-7A-9F-C8-04">
      <ModulePath>D:\sk\programming\vs-localized-intellisense\src\VsLocalizedIntellisense.App\VsLocalizedIntellisense.Test\bin\Debug\Microsoft.VisualStudio.TestPlatform.MSTestAdapter.PlatformServices.dll</ModulePath>
      <ModuleTime>2024-02-22T12:22:34Z</ModuleTime>
      <ModuleName>Microsoft.VisualStudio.TestPlatform.MSTestAdapter.PlatformServices</ModuleName>
      <Classes />
    </Module>
    <Module skippedDueTo="Filter" hash="AB-73-18-C6-B9-5A-C8-4E-F6-D1-B5-BF-13-D9-F6-D0-B1-4F-FC-C6">
      <ModulePath>D:\sk\programming\vs-localized-intellisense\src\VsLocalizedIntellisense.App\VsLocalizedIntellisense.Test\bin\Debug\VsLocalizedIntellisense.Test.dll</ModulePath>
      <ModuleTime>2024-02-28T11:45:03.5082253Z</ModuleTime>
      <ModuleName>VsLocalizedIntellisense.Test</ModuleName>
      <Classes />
    </Module>
    <Module skippedDueTo="Filter" hash="19-30-0D-03-8A-56-6C-95-B8-A4-1D-9B-8C-60-17-FA-65-43-92-89">
      <ModulePath>C:\Program Files\Microsoft Visual Studio\2022\Community\Common7\IDE\Extensions\TestPlatform\Microsoft.TestPlatform.PlatformAbstractions.dll</ModulePath>
      <ModuleTime>2023-11-15T07:59:49.3890261Z</ModuleTime>
      <ModuleName>Microsoft.TestPlatform.PlatformAbstractions</ModuleName>
      <Classes />
    </Module>
    <Module skippedDueTo="Filter" hash="EA-02-D1-4E-FD-6A-34-C1-91-92-3E-32-7C-09-6B-B4-7A-9F-C8-04">
      <ModulePath>D:\sk\programming\vs-localized-intellisense\src\VsLocalizedIntellisense.App\VsLocalizedIntellisense.Test\bin\Debug\Microsoft.VisualStudio.TestPlatform.MSTestAdapter.PlatformServices.dll</ModulePath>
      <ModuleTime>2024-02-22T12:22:34Z</ModuleTime>
      <ModuleName>Microsoft.VisualStudio.TestPlatform.MSTestAdapter.PlatformServices</ModuleName>
      <Classes />
    </Module>
    <Module skippedDueTo="Filter" hash="3F-3B-1A-CC-6F-FD-95-E2-A8-57-5F-3D-7B-6C-D9-91-3E-96-10-E8">
      <ModulePath>D:\sk\programming\vs-localized-intellisense\src\VsLocalizedIntellisense.App\VsLocalizedIntellisense.Test\bin\Debug\Microsoft.VisualStudio.TestPlatform.MSTest.TestAdapter.dll</ModulePath>
      <ModuleTime>2024-02-22T12:22:42Z</ModuleTime>
      <ModuleName>Microsoft.VisualStudio.TestPlatform.MSTest.TestAdapter</ModuleName>
      <Classes />
    </Module>
    <Module skippedDueTo="Filter" hash="AE-37-0A-F7-BB-20-6C-E1-2F-A3-08-F9-5B-10-BC-75-9C-89-E1-E1">
      <ModulePath>D:\sk\programming\vs-localized-intellisense\src\VsLocalizedIntellisense.App\VsLocalizedIntellisense.Test\bin\Debug\Microsoft.VisualStudio.TestPlatform.TestFramework.dll</ModulePath>
      <ModuleTime>2024-02-22T12:21:32Z</ModuleTime>
      <ModuleName>Microsoft.VisualStudio.TestPlatform.TestFramework</ModuleName>
      <Classes />
    </Module>
    <Module skippedDueTo="Filter" hash="CF-D8-FC-A9-EC-14-F3-9C-5A-65-F2-D3-6E-4B-A9-57-46-08-19-8B">
      <ModulePath>D:\sk\programming\vs-localized-intellisense\src\VsLocalizedIntellisense.App\VsLocalizedIntellisense.Test\bin\Debug\Microsoft.VisualStudio.TestPlatform.TestFramework.Extensions.dll</ModulePath>
      <ModuleTime>2024-02-22T12:21:48Z</ModuleTime>
      <ModuleName>Microsoft.VisualStudio.TestPlatform.TestFramework.Extensions</ModuleName>
      <Classes />
    </Module>
    <Module skippedDueTo="Filter" hash="AB-73-18-C6-B9-5A-C8-4E-F6-D1-B5-BF-13-D9-F6-D0-B1-4F-FC-C6">
      <ModulePath>D:\sk\programming\vs-localized-intellisense\src\VsLocalizedIntellisense.App\VsLocalizedIntellisense.Test\bin\Debug\VsLocalizedIntellisense.Test.dll</ModulePath>
      <ModuleTime>2024-02-28T11:45:03.5082253Z</ModuleTime>
      <ModuleName>VsLocalizedIntellisense.Test</ModuleName>
      <Classes />
    </Module>
    <Module skippedDueTo="Filter" hash="CF-D8-FC-A9-EC-14-F3-9C-5A-65-F2-D3-6E-4B-A9-57-46-08-19-8B">
      <ModulePath>D:\sk\programming\vs-localized-intellisense\src\VsLocalizedIntellisense.App\VsLocalizedIntellisense.Test\bin\Debug\Microsoft.VisualStudio.TestPlatform.TestFramework.Extensions.dll</ModulePath>
      <ModuleTime>2024-02-22T12:21:48Z</ModuleTime>
      <ModuleName>Microsoft.VisualStudio.TestPlatform.TestFramework.Extensions</ModuleName>
      <Classes />
    </Module>
    <Module skippedDueTo="Filter" hash="AB-73-18-C6-B9-5A-C8-4E-F6-D1-B5-BF-13-D9-F6-D0-B1-4F-FC-C6">
      <ModulePath>D:\sk\programming\vs-localized-intellisense\src\VsLocalizedIntellisense.App\VsLocalizedIntellisense.Test\bin\Debug\VsLocalizedIntellisense.Test.dll</ModulePath>
      <ModuleTime>2024-02-28T11:45:03.5082253Z</ModuleTime>
      <ModuleName>VsLocalizedIntellisense.Test</ModuleName>
      <Classes />
    </Module>
    <Module skippedDueTo="Filter" hash="24-4A-13-3C-A8-26-D4-0B-1B-B7-23-C4-2C-22-6E-5F-EB-DB-DB-FD">
      <ModulePath>D:\sk\programming\vs-localized-intellisense\src\VsLocalizedIntellisense.App\VsLocalizedIntellisense.Test\bin\Debug\Microsoft.TestPlatform.AdapterUtilities.dll</ModulePath>
      <ModuleTime>2023-11-08T10:32:08Z</ModuleTime>
      <ModuleName>Microsoft.TestPlatform.AdapterUtilities</ModuleName>
      <Classes />
    </Module>
    <Module skippedDueTo="Filter" hash="B9-77-F6-F5-D6-0A-85-8F-97-FE-28-4A-67-B8-B5-AC-FC-04-04-5B">
      <ModulePath>C:\WINDOWS\Microsoft.Net\assembly\GAC_MSIL\UIAutomationTypes\v4.0_4.0.0.0__31bf3856ad364e35\UIAutomationTypes.dll</ModulePath>
      <ModuleTime>2023-12-16T02:37:08.7744166Z</ModuleTime>
      <ModuleName>UIAutomationTypes</ModuleName>
      <Classes />
    </Module>
    <Module skippedDueTo="Filter" hash="37-F0-29-45-38-DA-A0-60-12-F2-8A-23-BE-CB-74-C2-40-C1-F3-81">
      <ModulePath>C:\WINDOWS\Microsoft.Net\assembly\GAC_MSIL\PresentationFramework.Aero2\v4.0_4.0.0.0__31bf3856ad364e35\PresentationFramework.Aero2.dll</ModulePath>
      <ModuleTime>2022-05-07T05:20:26.8946115Z</ModuleTime>
      <ModuleName>PresentationFramework.Aero2</ModuleName>
      <Classes />
    </Module>
    <Module skippedDueTo="Filter" hash="8C-46-0D-04-64-F6-B6-13-50-CB-90-96-45-69-9D-AC-FA-B7-E3-47">
      <ModulePath>C:\WINDOWS\Microsoft.Net\assembly\GAC_MSIL\PresentationFramework-SystemXml\v4.0_4.0.0.0__b77a5c561934e089\PresentationFramework-SystemXml.dll</ModulePath>
      <ModuleTime>2022-05-07T05:20:26.2383172Z</ModuleTime>
      <ModuleName>PresentationFramework-SystemXml</ModuleName>
      <Classes />
    </Module>
    <Module skippedDueTo="Filter" hash="27-95-B5-9E-A9-BE-15-9F-44-23-03-07-39-81-3F-11-4D-FF-F0-8E">
      <ModulePath>C:\WINDOWS\Microsoft.Net\assembly\GAC_MSIL\UIAutomationProvider\v4.0_4.0.0.0__31bf3856ad364e35\UIAutomationProvider.dll</ModulePath>
      <ModuleTime>2023-12-16T02:37:08.7744166Z</ModuleTime>
      <ModuleName>UIAutomationProvider</ModuleName>
      <Classes />
    </Module>
    <Module skippedDueTo="Filter" hash="56-63-A3-2C-28-E5-BF-E6-12-A4-D7-C7-79-E0-9C-90-E4-29-59-FA">
      <ModulePath>C:\WINDOWS\Microsoft.Net\assembly\GAC_MSIL\System.ComponentModel.DataAnnotations\v4.0_4.0.0.0__31bf3856ad364e35\System.ComponentModel.DataAnnotations.dll</ModulePath>
      <ModuleTime>2022-05-07T05:20:27.5040307Z</ModuleTime>
      <ModuleName>System.ComponentModel.DataAnnotations</ModuleName>
      <Classes />
    </Module>
    <Module skippedDueTo="Filter" hash="AB-78-C8-9A-F1-E7-AC-39-16-27-B1-48-F8-D7-EF-EA-FB-39-DD-9C">
      <ModulePath>D:\sk\programming\vs-localized-intellisense\src\VsLocalizedIntellisense.App\VsLocalizedIntellisense.Test\bin\Debug\Microsoft.TestPlatform.CoreUtilities.dll</ModulePath>
      <ModuleTime>2023-02-21T08:09:36Z</ModuleTime>
      <ModuleName>Microsoft.TestPlatform.CoreUtilities</ModuleName>
      <Classes />
    </Module>
    <Module skippedDueTo="Filter" hash="F3-03-81-53-F6-0D-0E-9F-6F-60-1A-D1-9B-E4-52-42-24-22-D2-99">
      <ModulePath>D:\sk\programming\vs-localized-intellisense\src\VsLocalizedIntellisense.App\VsLocalizedIntellisense.Test\bin\Debug\Microsoft.TestPlatform.PlatformAbstractions.dll</ModulePath>
      <ModuleTime>2023-02-21T08:09:36Z</ModuleTime>
      <ModuleName>Microsoft.TestPlatform.PlatformAbstractions</ModuleName>
      <Classes />
    </Module>
    <Module skippedDueTo="Filter" hash="23-7A-13-0A-A1-2F-E1-0B-90-79-E1-C7-29-98-B0-26-F8-75-9D-19">
      <ModulePath>D:\sk\programming\vs-localized-intellisense\src\VsLocalizedIntellisense.App\VsLocalizedIntellisense.Test\bin\Debug\ja\Microsoft.VisualStudio.TestPlatform.TestFramework.resources.dll</ModulePath>
      <ModuleTime>2024-02-22T12:21:34Z</ModuleTime>
      <ModuleName>Microsoft.VisualStudio.TestPlatform.TestFramework.resources</ModuleName>
      <Classes />
    </Module>
    <Module skippedDueTo="Filter" hash="65-F8-B0-7E-8F-02-0A-22-BC-60-B3-66-BE-62-AA-2F-DB-03-91-B3">
      <ModulePath>C:\Program Files\Microsoft Visual Studio\2022\Community\Common7\IDE\Extensions\TestPlatform\Microsoft.VisualStudio.QualityTools.ExecutionCommon.dll</ModulePath>
      <ModuleTime>2023-11-15T07:59:49.4359425Z</ModuleTime>
      <ModuleName>Microsoft.VisualStudio.QualityTools.ExecutionCommon</ModuleName>
      <Classes />
    </Module>
    <Module skippedDueTo="Filter" hash="EF-2C-0E-B9-70-42-11-E3-3B-83-60-94-B8-A2-F3-AF-BF-49-D7-03">
      <ModulePath>C:\Program Files\Microsoft Visual Studio\2022\Community\Common7\IDE\Extensions\TestPlatform\Microsoft.VisualStudio.QualityTools.Resource.dll</ModulePath>
      <ModuleTime>2023-11-15T07:59:49.4515675Z</ModuleTime>
      <ModuleName>Microsoft.VisualStudio.QualityTools.Resource</ModuleName>
      <Classes />
    </Module>
    <Module skippedDueTo="Filter" hash="C3-ED-81-08-0E-4A-D9-5B-9F-05-9E-AA-99-9B-01-CA-AE-40-15-E3">
      <ModulePath>C:\Program Files\Microsoft Visual Studio\2022\Community\Common7\IDE\Extensions\TestPlatform\Microsoft.VisualStudio.QualityTools.WebTestFramework.dll</ModulePath>
      <ModuleTime>2023-11-15T07:59:49.4675743Z</ModuleTime>
      <ModuleName>Microsoft.VisualStudio.QualityTools.WebTestFramework</ModuleName>
      <Classes />
    </Module>
    <Module skippedDueTo="Filter" hash="CC-98-B1-CE-E1-87-79-23-0C-53-79-3E-BE-B3-C3-26-0B-FB-0A-28">
      <ModulePath>C:\Program Files\Microsoft Visual Studio\2022\Community\Common7\IDE\Extensions\TestPlatform\Microsoft.VisualStudio.TestPlatform.ObjectModel.dll</ModulePath>
      <ModuleTime>2023-11-15T07:59:49.4832027Z</ModuleTime>
      <ModuleName>Microsoft.VisualStudio.TestPlatform.ObjectModel</ModuleName>
      <Classes />
    </Module>
    <Module skippedDueTo="Filter" hash="CC-98-B1-CE-E1-87-79-23-0C-53-79-3E-BE-B3-C3-26-0B-FB-0A-28">
      <ModulePath>C:\Program Files\Microsoft Visual Studio\2022\Community\Common7\IDE\Extensions\TestPlatform\Microsoft.VisualStudio.TestPlatform.ObjectModel.dll</ModulePath>
      <ModuleTime>2023-11-15T07:59:49.4832027Z</ModuleTime>
      <ModuleName>Microsoft.VisualStudio.TestPlatform.ObjectModel</ModuleName>
      <Classes />
    </Module>
  </Modules>
</CoverageSession>